[07-30 16:08:59][MSG]Load Raw Data Info Txt File [scripts/table/sceneobjinfo.txt] Fail!
[07-30 16:09:00][MSG]Load Raw Data Info Txt File [scripts/table/shadeinfo.txt] Fail!
[07-30 16:09:00][MSG]Load Raw Data Info Txt File [scripts/table/eventsound.txt] Fail!
[07-30 16:09:00][MSG]Load Raw Data Info Txt File [scripts/table/characterposeinfo.txt] Fail!
[07-30 16:09:00][MSG]Load Raw Data Info Txt File [scripts/table/selectcha.txt] Fail!
[07-30 16:09:00][MSG] analyze resource file[scripts/table/skillinfo.txt] failed, account[], please check format and version!
[07-30 16:09:01][MSG]Load Raw Data Info Txt File [scripts/table/mapinfo.txt] Fail!
[07-30 16:09:01][MSG]Load Raw Data Info Txt File [scripts/table/Characterinfo.txt] Fail!
[07-30 16:09:01][MSG]Load Raw Data Info Txt File [scripts/table/objevent.txt] Fail!
[07-30 16:09:02][MSG]Load Raw Data Info Txt File [scripts/table/ServerSet.txt] Fail!
[07-30 16:09:02][MSG]Load Raw Data Info Txt File [scripts/table/ServerSet2.txt] Fail!
[07-30 16:09:02][MSG]Load Raw Data Info Txt File [scripts/table/ServerSet3.txt] Fail!
[07-30 16:09:02][MSG]Load Raw Data Info Txt File [scripts/table/ServerSet4.txt] Fail!
[07-30 16:09:02][MSG]Load Raw Data Info Txt File [scripts/table/notifyset.txt] Fail!
[07-30 16:09:02][MSG]Load Raw Data Info Txt File [scripts/table/skilleff.txt] Fail!
[07-30 16:09:03][MSG]Load Raw Data Info Txt File [scripts/table/itemtype.txt] Fail!
[07-30 16:09:03][MSG]Load Raw Data Info Txt File [scripts/table/itempre.txt] Fail!
[07-30 16:09:03][MSG]Load Raw Data Info Txt File [scripts/table/forgeitem.txt] Fail!
[07-30 16:09:03][MSG]Load Raw Data Info Txt File [scripts/table/shipinfo.txt] Fail!
[07-30 16:09:03][MSG]Load Raw Data Info Txt File [scripts/table/shipiteminfo.txt] Fail!
[07-30 16:09:03][MSG]Load Raw Data Info Txt File [scripts/table/hairs.txt] Fail!
[07-30 16:09:04][MSG]Load Raw Data Info Txt File [scripts/table/TerrainInfo.txt] Fail!
[07-30 16:09:04][MSG]Load Raw Data Info Txt File [scripts/table/MagicSingleinfo.txt] Fail!
[07-30 16:09:04][MSG]Load Raw Data Info Txt File [scripts/table/StoneInfo.txt] Fail!
[07-30 16:09:04][MSG]Load Raw Data Info Txt File [scripts/table/ResourceInfo.txt] Fail!
[07-30 16:09:04][MSG]Load Raw Data Info Txt File [scripts/table/ElfSkillInfo.txt] Fail!
[07-30 16:09:04][MSG]Load Raw Data Info Txt File [scripts/table/ResourceInfo.txt] Fail!
