[07-29 16:50:39][MSG]Load Raw Data Info Txt File [scripts/table/sceneobjinfo.txt] Fail!
[07-29 16:50:43][MSG]Load Raw Data Info Txt File [scripts/table/shadeinfo.txt] Fail!
[07-29 16:50:43][MSG]Load Raw Data Info Txt File [scripts/table/eventsound.txt] Fail!
[07-29 16:50:43][MSG]Load Raw Data Info Txt File [scripts/table/characterposeinfo.txt] Fail!
[07-29 16:50:43][MSG]Load Raw Data Info Txt File [scripts/table/selectcha.txt] Fail!
[07-29 16:50:43][MSG]Load Raw Data Info Txt File [scripts/table/mapinfo.txt] Fail!
[07-29 16:50:43][MSG]Load Raw Data Info Txt File [scripts/table/Characterinfo.txt] Fail!
[07-29 16:50:44][MSG]Load Raw Data Info Txt File [scripts/table/objevent.txt] Fail!
[07-29 16:50:44][MSG]Load Raw Data Info Txt File [scripts/table/ServerSet.txt] Fail!
[07-29 16:50:45][MSG]Load Raw Data Info Txt File [scripts/table/ServerSet2.txt] Fail!
[07-29 16:50:45][MSG]Load Raw Data Info Txt File [scripts/table/ServerSet3.txt] Fail!
[07-29 16:50:45][MSG]Load Raw Data Info Txt File [scripts/table/ServerSet4.txt] Fail!
[07-29 16:50:45][MSG]Load Raw Data Info Txt File [scripts/table/notifyset.txt] Fail!
[07-29 16:50:45][MSG]Load Raw Data Info Txt File [scripts/table/skilleff.txt] Fail!
[07-29 16:50:45][MSG]Load Raw Data Info Txt File [scripts/table/itemtype.txt] Fail!
[07-29 16:50:45][MSG]Load Raw Data Info Txt File [scripts/table/itempre.txt] Fail!
[07-29 16:50:46][MSG]Load Raw Data Info Txt File [scripts/table/forgeitem.txt] Fail!
[07-29 16:50:46][MSG]Load Raw Data Info Txt File [scripts/table/shipinfo.txt] Fail!
[07-29 16:50:46][MSG]Load Raw Data Info Txt File [scripts/table/shipiteminfo.txt] Fail!
[07-29 16:50:46][MSG]Load Raw Data Info Txt File [scripts/table/hairs.txt] Fail!
[07-29 16:50:46][MSG]Load Raw Data Info Txt File [scripts/table/TerrainInfo.txt] Fail!
[07-29 16:50:46][MSG]Load Raw Data Info Txt File [scripts/table/MagicSingleinfo.txt] Fail!
[07-29 16:50:47][MSG]Load Raw Data Info Txt File [scripts/table/StoneInfo.txt] Fail!
[07-29 16:50:47][MSG]Load Raw Data Info Txt File [scripts/table/ResourceInfo.txt] Fail!
[07-29 16:50:48][MSG]Load Raw Data Info Txt File [scripts/table/ElfSkillInfo.txt] Fail!
[07-29 16:50:48][MSG]Load Raw Data Info Txt File [scripts/table/ResourceInfo.txt] Fail!
