[02-11 18:32:31][MSG]Load Raw Data Info Txt File [scripts/table/sceneobjinfo.txt] Fail!
[02-11 18:32:34][MSG]Load Raw Data Info Txt File [scripts/table/shadeinfo.txt] Fail!
[02-11 18:32:34][MSG]Load Raw Data Info Txt File [scripts/table/eventsound.txt] Fail!
[02-11 18:32:35][MSG]Load Raw Data Info Txt File [scripts/table/characterposeinfo.txt] Fail!
[02-11 18:32:35][MSG]Load Raw Data Info Txt File [scripts/table/selectcha.txt] Fail!
[02-11 18:32:35][MSG]Load Raw Data Info Txt File [scripts/table/skillinfo.txt] Fail!
[02-11 18:32:35][MSG]Load Raw Data Info Txt File [scripts/table/mapinfo.txt] Fail!
[02-11 18:32:35][MSG]Load Raw Data Info Txt File [scripts/table/Characterinfo.txt] Fail!
[02-11 18:32:36][MSG]Load Raw Data Info Txt File [scripts/table/objevent.txt] Fail!
[02-11 18:32:36][MSG]Load Raw Data Info Txt File [scripts/table/ServerSet.txt] Fail!
[02-11 18:32:37][MSG]Load Raw Data Info Txt File [scripts/table/ServerSet2.txt] Fail!
[02-11 18:32:37][MSG]Load Raw Data Info Txt File [scripts/table/ServerSet3.txt] Fail!
[02-11 18:32:37][MSG]Load Raw Data Info Txt File [scripts/table/ServerSet4.txt] Fail!
[02-11 18:32:37][MSG]Load Raw Data Info Txt File [scripts/table/notifyset.txt] Fail!
[02-11 18:32:37][MSG]Load Raw Data Info Txt File [scripts/table/skilleff.txt] Fail!
[02-11 18:32:37][MSG]Load Raw Data Info Txt File [scripts/table/itemtype.txt] Fail!
[02-11 18:32:38][MSG]Load Raw Data Info Txt File [scripts/table/itempre.txt] Fail!
[02-11 18:32:38][MSG]Load Raw Data Info Txt File [scripts/table/forgeitem.txt] Fail!
[02-11 18:32:38][MSG]Load Raw Data Info Txt File [scripts/table/shipinfo.txt] Fail!
[02-11 18:32:38][MSG]Load Raw Data Info Txt File [scripts/table/shipiteminfo.txt] Fail!
[02-11 18:32:38][MSG]Load Raw Data Info Txt File [scripts/table/hairs.txt] Fail!
[02-11 18:32:39][MSG]Load Raw Data Info Txt File [scripts/table/TerrainInfo.txt] Fail!
[02-11 18:32:39][MSG]Load Raw Data Info Txt File [scripts/table/MagicSingleinfo.txt] Fail!
[02-11 18:32:39][MSG]Load Raw Data Info Txt File [scripts/table/StoneInfo.txt] Fail!
[02-11 18:32:39][MSG]Load Raw Data Info Txt File [scripts/table/ResourceInfo.txt] Fail!
[02-11 18:32:39][MSG]Load Raw Data Info Txt File [scripts/table/ElfSkillInfo.txt] Fail!
[02-11 18:32:40][MSG]Load Raw Data Info Txt File [scripts/table/ResourceInfo.txt] Fail!
