[02-11 18:32:35]135,Arrow 01, Character ID:1
[02-11 18:32:35]149,Gunpowder 01, Character ID:1
[02-11 18:32:35]200,Left Plaster Glove, Character ID:1
[02-11 18:32:35]201,Left Brawler Glove, Character ID:1
[02-11 18:32:35]202,Left Master Glove, Character ID:1
[02-11 18:32:35]203,Left Jagged Blade, Character ID:1
[02-11 18:32:35]204,Left Cosmo Blade, Character ID:1
[02-11 18:32:35]205,Left Tiger Glove, Character ID:1
[02-11 18:32:35]206,Left Hand of Death, Character ID:1
[02-11 18:32:35]635,Lv 1 Strike Coral, Character ID:2
[02-11 18:32:35]636,Lv 2 Strike Coral, Character ID:2
[02-11 18:32:35]637,Lv 3 Strike Coral, Character ID:2
[02-11 18:32:35]638,Lv 4 Strike Coral, Character ID:2
[02-11 18:32:35]639,Lv 5 Strike Coral, Character ID:2
[02-11 18:32:36]1124,Chaos Framestone, Character ID:1
[02-11 18:32:36]1125,Chaos Clawstone, Character ID:1
[02-11 18:32:36]1126,Chaos Pawstone, Character ID:1
[02-11 18:32:36]1127,Chaos Crownstone, Character ID:4
[02-11 18:32:36]1999,Lance Failed Hairdo 1, Character ID:2
[02-11 18:32:36]2000,Hairdo 1, Character ID:2
[02-11 18:32:36]2001,Hairdo 2, Character ID:2
[02-11 18:32:36]2002,Hairdo 3, Character ID:2
[02-11 18:32:36]2003,Hairdo 4, Character ID:2
[02-11 18:32:36]2004,Hairdo 5, Character ID:2
[02-11 18:32:36]2005,Hairdo 6, Character ID:2
[02-11 18:32:36]2006,Hairdo 7, Character ID:2
[02-11 18:32:36]2007,Hairdo 8, Character ID:2
[02-11 18:32:36]2008,Event Commissioner, Character ID:2
[02-11 18:32:36]2009,Hairdo 1, Character ID:2
[02-11 18:32:36]2010,Hairdo 1, Character ID:2
[02-11 18:32:36]2011,Hairdo 1, Character ID:2
[02-11 18:32:36]2012,Hairdo 1, Character ID:2
[02-11 18:32:36]2013,Hairdo 1, Character ID:2
[02-11 18:32:36]2014,Hairdo 1, Character ID:2
[02-11 18:32:36]2015,Hairdo 2, Character ID:2
[02-11 18:32:36]2016,Hairdo 2, Character ID:2
[02-11 18:32:36]2017,Hairdo 2, Character ID:2
[02-11 18:32:36]2018,Hairdo 2, Character ID:2
[02-11 18:32:36]2019,Hairdo 2, Character ID:2
[02-11 18:32:36]2020,Hairdo 2, Character ID:2
[02-11 18:32:36]2021,Hairdo 3, Character ID:2
[02-11 18:32:36]2022,Hairdo 3, Character ID:2
[02-11 18:32:36]2023,Hairdo 3, Character ID:2
[02-11 18:32:36]2024,Hairdo 3, Character ID:2
[02-11 18:32:36]2025,Hairdo 3, Character ID:2
[02-11 18:32:36]2026,Hairdo 3, Character ID:2
[02-11 18:32:36]2027,Hairdo 4, Character ID:2
[02-11 18:32:36]2028,Hairdo 4, Character ID:2
[02-11 18:32:36]2029,Hairdo 4, Character ID:2
[02-11 18:32:36]2030,Hairdo 4, Character ID:2
[02-11 18:32:36]2031,Hairdo 4, Character ID:2
[02-11 18:32:36]2032,Hairdo 4, Character ID:2
[02-11 18:32:36]2033,Hairdo 5, Character ID:2
[02-11 18:32:36]2034,Hairdo 5, Character ID:2
[02-11 18:32:36]2035,Hairdo 5, Character ID:2
[02-11 18:32:36]2036,Hairdo 5, Character ID:2
[02-11 18:32:36]2037,Hairdo 5, Character ID:2
[02-11 18:32:36]2038,Hairdo 5, Character ID:2
[02-11 18:32:36]2039,Hairdo 5, Character ID:2
[02-11 18:32:36]2040,Hairdo 6, Character ID:2
[02-11 18:32:36]2041,Hairdo 6, Character ID:2
[02-11 18:32:36]2042,Hairdo 6, Character ID:2
[02-11 18:32:36]2043,Hairdo 6, Character ID:2
[02-11 18:32:36]2044,Hairdo 6, Character ID:2
[02-11 18:32:36]2045,Hairdo 6, Character ID:2
[02-11 18:32:36]2046,Hairdo 6, Character ID:2
[02-11 18:32:36]2047,Hairdo 7, Character ID:2
[02-11 18:32:36]2048,Hairdo 7, Character ID:2
[02-11 18:32:36]2049,Hairdo 7, Character ID:2
[02-11 18:32:36]2050,Hairdo 7, Character ID:2
[02-11 18:32:36]2051,Hairdo 7, Character ID:2
[02-11 18:32:36]2052,Hairdo 7, Character ID:2
[02-11 18:32:36]2053,Hairdo 7, Character ID:2
[02-11 18:32:36]2054,Hairdo 8, Character ID:2
[02-11 18:32:36]2055,Hairdo 8, Character ID:2
[02-11 18:32:36]2056,Hairdo 8, Character ID:2
[02-11 18:32:36]2057,Hairdo 8, Character ID:2
[02-11 18:32:36]2058,Hairdo 8, Character ID:2
[02-11 18:32:36]2059,Hairdo 8, Character ID:2
[02-11 18:32:36]2060,Guy 1 Bald Hairdo, Character ID:2
[02-11 18:32:36]2061,Lance Failed Hairdo 2, Character ID:2
[02-11 18:32:36]2062,Hairdo 1, Character ID:1
[02-11 18:32:36]2063,Hairdo 2, Character ID:1
[02-11 18:32:36]2064,Hairdo 3, Character ID:1
[02-11 18:32:36]2065,Hairdo 4, Character ID:1
[02-11 18:32:36]2066,Hairdo 5, Character ID:1
[02-11 18:32:36]2067,Hairdo 6, Character ID:1
[02-11 18:32:36]2068,Hairdo 7, Character ID:1
[02-11 18:32:36]2069,Hairdo 8, Character ID:1
[02-11 18:32:36]2070,Event Commissioner, Character ID:1
[02-11 18:32:36]2071,Hairdo 1, Character ID:1
[02-11 18:32:36]2072,Hairdo 1, Character ID:1
[02-11 18:32:36]2073,Hairdo 1, Character ID:1
[02-11 18:32:36]2074,Hairdo 1, Character ID:1
[02-11 18:32:36]2075,Hairdo 1, Character ID:1
[02-11 18:32:36]2076,Hairdo 1, Character ID:1
[02-11 18:32:36]2077,Hairdo 1, Character ID:1
[02-11 18:32:36]2078,Hairdo 2, Character ID:1
[02-11 18:32:36]2079,Hairdo 2, Character ID:1
[02-11 18:32:36]2080,Hairdo 2, Character ID:1
[02-11 18:32:36]2081,Hairdo 2, Character ID:1
[02-11 18:32:36]2082,Hairdo 2, Character ID:1
[02-11 18:32:36]2083,Hairdo 2, Character ID:1
[02-11 18:32:36]2084,Hairdo 3, Character ID:1
[02-11 18:32:36]2085,Hairdo 3, Character ID:1
[02-11 18:32:36]2086,Hairdo 3, Character ID:1
[02-11 18:32:36]2087,Hairdo 3, Character ID:1
[02-11 18:32:36]2088,Hairdo 3, Character ID:1
[02-11 18:32:36]2089,Hairdo 3, Character ID:1
[02-11 18:32:36]2090,Hairdo 4, Character ID:1
[02-11 18:32:36]2091,Hairdo 4, Character ID:1
[02-11 18:32:36]2092,Hairdo 4, Character ID:1
[02-11 18:32:36]2093,Hairdo 4, Character ID:1
[02-11 18:32:36]2094,Hairdo 4, Character ID:1
[02-11 18:32:36]2095,Hairdo 4, Character ID:1
[02-11 18:32:36]2096,Hairdo 4, Character ID:1
[02-11 18:32:36]2097,Hairdo 5, Character ID:1
[02-11 18:32:36]2098,Hairdo 5, Character ID:1
[02-11 18:32:36]2099,Hairdo 5, Character ID:1
[02-11 18:32:36]2100,Hairdo 5, Character ID:1
[02-11 18:32:36]2101,Hairdo 6, Character ID:1
[02-11 18:32:36]2102,Hairdo 6, Character ID:1
[02-11 18:32:36]2103,Hairdo 6, Character ID:1
[02-11 18:32:36]2104,Hairdo 6, Character ID:1
[02-11 18:32:36]2105,Hairdo 6, Character ID:1
[02-11 18:32:36]2106,Hairdo 6, Character ID:1
[02-11 18:32:36]2107,Hairdo 6, Character ID:1
[02-11 18:32:36]2108,Hairdo 7, Character ID:1
[02-11 18:32:36]2109,Hairdo 7, Character ID:1
[02-11 18:32:36]2110,Hairdo 7, Character ID:1
[02-11 18:32:36]2111,Hairdo 7, Character ID:1
[02-11 18:32:36]2112,Hairdo 7, Character ID:1
[02-11 18:32:36]2113,Hairdo 7, Character ID:1
[02-11 18:32:36]2114,Hairdo 8, Character ID:1
[02-11 18:32:36]2115,Hairdo 8, Character ID:1
[02-11 18:32:36]2116,Hairdo 8, Character ID:1
[02-11 18:32:36]2117,Hairdo 8, Character ID:1
[02-11 18:32:36]2118,Hairdo 8, Character ID:1
[02-11 18:32:36]2119,Hairdo 8, Character ID:1
[02-11 18:32:36]2120,Hairdo 8, Character ID:1
[02-11 18:32:36]2121,Carsise Failed Hairdo 1, Character ID:1
[02-11 18:32:36]2122,Guy 2 Bald Hairdo, Character ID:1
[02-11 18:32:36]2123,Carsise Failed Hairdo 2, Character ID:1
[02-11 18:32:36]2124,Hairdo 1, Character ID:1
[02-11 18:32:36]2125,Hairdo 2, Character ID:1
[02-11 18:32:36]2126,Hairdo 3, Character ID:1
[02-11 18:32:36]2127,Hairdo 4, Character ID:1
[02-11 18:32:36]2128,Hairdo 5, Character ID:1
[02-11 18:32:36]2129,Hairdo 6, Character ID:1
[02-11 18:32:36]2130,Hairdo 7, Character ID:1
[02-11 18:32:36]2131,Hairdo 8, Character ID:1
[02-11 18:32:36]2132,Event Commissioner, Character ID:1
[02-11 18:32:36]2133,Hairdo 1, Character ID:1
[02-11 18:32:36]2134,Hairdo 1, Character ID:1
[02-11 18:32:36]2135,Hairdo 1, Character ID:1
[02-11 18:32:36]2136,Hairdo 1, Character ID:1
[02-11 18:32:36]2137,Hairdo 1, Character ID:1
[02-11 18:32:36]2138,Hairdo 1, Character ID:1
[02-11 18:32:36]2139,Hairdo 1, Character ID:1
[02-11 18:32:36]2140,Hairdo 2, Character ID:1
[02-11 18:32:36]2141,Hairdo 2, Character ID:1
[02-11 18:32:36]2142,Hairdo 2, Character ID:1
[02-11 18:32:36]2143,Hairdo 2, Character ID:1
[02-11 18:32:36]2144,Hairdo 2, Character ID:1
[02-11 18:32:36]2145,Hairdo 2, Character ID:1
[02-11 18:32:36]2146,Hairdo 3, Character ID:1
[02-11 18:32:36]2147,Hairdo 3, Character ID:1
[02-11 18:32:36]2148,Hairdo 3, Character ID:1
[02-11 18:32:36]2149,Hairdo 3, Character ID:1
[02-11 18:32:36]2150,Hairdo 3, Character ID:1
[02-11 18:32:36]2151,Hairdo 3, Character ID:1
[02-11 18:32:36]2152,Hairdo 4, Character ID:1
[02-11 18:32:36]2153,Hairdo 4, Character ID:1
[02-11 18:32:36]2154,Hairdo 4, Character ID:1
[02-11 18:32:36]2155,Hairdo 4, Character ID:1
[02-11 18:32:36]2156,Hairdo 4, Character ID:1
[02-11 18:32:36]2157,Hairdo 4, Character ID:1
[02-11 18:32:36]2158,Hairdo 5, Character ID:1
[02-11 18:32:36]2159,Hairdo 5, Character ID:1
[02-11 18:32:36]2160,Hairdo 5, Character ID:1
[02-11 18:32:36]2161,Hairdo 5, Character ID:1
[02-11 18:32:36]2162,Hairdo 5, Character ID:1
[02-11 18:32:36]2163,Hairdo 5, Character ID:1
[02-11 18:32:36]2164,Hairdo 6, Character ID:1
[02-11 18:32:36]2165,Hairdo 6, Character ID:1
[02-11 18:32:36]2166,Hairdo 6, Character ID:1
[02-11 18:32:36]2167,Hairdo 6, Character ID:1
[02-11 18:32:36]2168,Hairdo 6, Character ID:1
[02-11 18:32:36]2169,Hairdo 6, Character ID:1
[02-11 18:32:36]2170,Hairdo 7, Character ID:1
[02-11 18:32:36]2171,Hairdo 7, Character ID:1
[02-11 18:32:36]2172,Hairdo 7, Character ID:1
[02-11 18:32:36]2173,Hairdo 7, Character ID:1
[02-11 18:32:36]2174,Hairdo 7, Character ID:1
[02-11 18:32:36]2175,Hairdo 7, Character ID:1
[02-11 18:32:36]2176,Hairdo 8, Character ID:1
[02-11 18:32:36]2177,Hairdo 8, Character ID:1
[02-11 18:32:36]2178,Hairdo 8, Character ID:1
[02-11 18:32:36]2179,Hairdo 8, Character ID:1
[02-11 18:32:36]2180,Hairdo 8, Character ID:1
[02-11 18:32:36]2181,Hairdo 8, Character ID:1
[02-11 18:32:36]2182,Phyllis Failed Hairdo 1, Character ID:1
[02-11 18:32:36]2183,Phyllis Failed Hairdo 2, Character ID:1
[02-11 18:32:36]2184,Girl 1 Bald Hairdo, Character ID:1
[02-11 18:32:36]2185,Girl 1 Hair Makeup 01, Character ID:1
[02-11 18:32:36]2186,Girl 2 Hair 00, Character ID:1
[02-11 18:32:36]2275,Lance Trendy Hairdo 1, Character ID:4
[02-11 18:32:36]2276,Lance Trendy Hairdo 2, Character ID:4
[02-11 18:32:36]2277,Lance Trendy Hairdo 3, Character ID:4
[02-11 18:32:36]2278,Lance Trendy Hairdo 4, Character ID:4
[02-11 18:32:36]2279,Carsise Trendy Hairdo 1, Character ID:4
[02-11 18:32:36]2280,Carsise Trendy Hairdo 2, Character ID:4
[02-11 18:32:36]2281,Carsise Trendy Hairdo 3, Character ID:4
[02-11 18:32:36]2282,Carsise Trendy Hairdo 4, Character ID:4
[02-11 18:32:36]2283,Phyllis Trendy Hairdo 1, Character ID:4
[02-11 18:32:36]2284,Phyllis Trendy Hairdo 2, Character ID:4
[02-11 18:32:36]2285,Phyllis Trendy Hairdo 3, Character ID:4
[02-11 18:32:36]2286,Phyllis Trendy Hairdo 4, Character ID:4
[02-11 18:32:36]2434,Arrow 02, Character ID:1
[02-11 18:32:36]2448,Gunpowder 02, Character ID:1
[02-11 18:32:36]2499,Left Plaster Glove, Character ID:1
[02-11 18:32:36]2500,Left Brawler Glove, Character ID:1
[02-11 18:32:36]2501,Left Master Glove, Character ID:1
[02-11 18:32:36]2502,Left Jagged Blade, Character ID:1
[02-11 18:32:36]2503,Left Cosmo Blade, Character ID:1
[02-11 18:32:36]2504,Left Tiger Glove, Character ID:1
[02-11 18:32:36]2505,Left Hand of Death, Character ID:1
[02-11 18:32:36]2530,Hephaestus Framestone, Character ID:2
[02-11 18:32:36]2531,Hephaestus Clawstone, Character ID:2
[02-11 18:32:36]2532,Hephaestus Pawstone, Character ID:2
[02-11 18:32:36]2533,Hermes Framestone, Character ID:1
[02-11 18:32:36]2534,Hermes Clawstone, Character ID:1
[02-11 18:32:36]2535,Hermes Pawstone, Character ID:1
[02-11 18:32:36]2536,Apollo Framestone, Character ID:1
[02-11 18:32:36]2537,Apollo Clawstone, Character ID:1
[02-11 18:32:36]2538,Apollo Pawstone, Character ID:1
[02-11 18:32:36]2539,Poseidon Framestone, Character ID:1
[02-11 18:32:36]2540,Poseidon Clawstone, Character ID:1
[02-11 18:32:36]2541,Poseidon Pawstone, Character ID:1
[02-11 18:32:36]2542,Hestia Framestone, Character ID:3
[02-11 18:32:36]2543,Hestia Clawstone, Character ID:3
[02-11 18:32:36]2544,Hestia Pawstone, Character ID:3
[02-11 18:32:36]2545,Athena Framestone, Character ID:3
[02-11 18:32:36]2546,Athena Clawstone, Character ID:3
[02-11 18:32:36]2547,Athena Pawstone, Character ID:3
[02-11 18:32:36]2548,Artemis Crownstone, Character ID:4
[02-11 18:32:36]3061,Bear Shoes, Character ID:4
[02-11 18:32:36]3285,Calculator, Character ID:1
[02-11 18:32:36]3287,Laptop Computer, Character ID:1
[02-11 18:32:36]5071,Greatsword of Cadaver, Character ID:1
[02-11 18:32:36]5074,Dagger of Cadaver, Character ID:2
[02-11 18:32:36]5081,Nightmare Vest, Character ID:1
[02-11 18:32:36]5082,Nightmare Gloves, Character ID:1
[02-11 18:32:36]5083,Nightmare Boots, Character ID:1
[02-11 18:32:36]5209,August Greataxe 1, Character ID:1
[02-11 18:32:36]5212,August Dagger 1, Character ID:2
[02-11 18:32:36]5214,August Greataxe 2, Character ID:1
[02-11 18:32:36]5217,August Dagger 2, Character ID:2
