[02-11 18:32:34]Read Magic Info Name = [Sea Wave]
[02-11 18:32:34]Read Magic Info Name = [电球]
[02-11 18:32:34]Read Magic Info Name = [大水花]
[02-11 18:32:34]Read Magic Info Name = [水花]
[02-11 18:32:34]Read Magic Info Name = [光]
[02-11 18:32:34]Read Magic Info Name = [黑烟]
[02-11 18:32:34]Read Magic Info Name = [斜光]
[02-11 18:32:34]Read Magic Info Name = [Fog]
[02-11 18:32:34]Read Magic Info Name = [Firefly]
[02-11 18:32:34]Read Magic Info Name = [火焰]
[02-11 18:32:34]Read Magic Info Name = [火焰2]
[02-11 18:32:34]Read Magic Info Name = [Sea Wave2]
[02-11 18:32:34]Read Magic Info Name = [白烟]
[02-11 18:32:34]Read Magic Info Name = [Sbiw]
[02-11 18:32:34]Read Magic Info Name = [沙岚火焰]
[02-11 18:32:34]Read Magic Info Name = [Sandstorm]
[02-11 18:32:34]Read Magic Info Name = [灵火2]
[02-11 18:32:34]Read Magic Info Name = [灵火]
[02-11 18:32:34]Read Magic Info Name = [30斜光]
[02-11 18:32:34]Read Magic Info Name = [道具特效]
[02-11 18:32:34]Read Magic Info Name = [水波]
[02-11 18:32:34]Read Magic Info Name = [水波2]
[02-11 18:32:34]Read Magic Info Name = [爆字]
[02-11 18:32:34]Read Magic Info Name = [Howl Unleashed]
[02-11 18:32:34]Read Magic Info Name = [Howl 命中]
[02-11 18:32:34]Read Magic Info Name = [Tiger Roar 施放]
[02-11 18:32:34]Read Magic Info Name = [Tiger Roar Hit RSea Wave]
[02-11 18:32:34]Read Magic Info Name = [连珠箭命中]
[02-11 18:32:34]Read Magic Info Name = [连珠箭施放]
[02-11 18:32:34]Read Magic Info Name = [流星箭地面命中]
[02-11 18:32:34]Read Magic Info Name = [流星箭人物施放]
[02-11 18:32:34]Read Magic Info Name = [Dispersion BulleSea Wave]
[02-11 18:32:34]Read Magic Info Name = [Dispersion BulleSea Wave]
[02-11 18:32:34]Read Magic Info Name = [Penetrating BullSea Wave]
[02-11 18:32:34]Read Magic Info Name = [Magma Bullet 地Sea Wave]
[02-11 18:32:34]Read Magic Info Name = [Magma Bullet 地Sea Wave]
[02-11 18:32:34]Read Magic Info Name = [Greater Heal 施Sea Wave]
[02-11 18:32:34]Read Magic Info Name = [Greater Heal 命Sea Wave]
[02-11 18:32:34]Read Magic Info Name = [Magma Bullet 人Sea Wave]
[02-11 18:32:34]Read Magic Info Name = [Tiger Roar 人物Sea Wave]
[02-11 18:32:34]Read Magic Info Name = [Berserk 施放]
[02-11 18:32:34]Read Magic Info Name = [Berserk 人物持续Sea Wave]
[02-11 18:32:34]Read Magic Info Name = [图腾招唤施放]
[02-11 18:32:34]Read Magic Info Name = [图腾招唤人物命中Sea Wave]
[02-11 18:32:34]Read Magic Info Name = [隐月流Stealth 术Sea Wave]
[02-11 18:32:34]Read Magic Info Name = [伊贺鬼轮斩施放]
[02-11 18:32:34]Read Magic Info Name = [伊贺鬼轮斩人物持Sea Wave]
[02-11 18:32:34]Read Magic Info Name = [伊贺流Backstab Sea Wave]
[02-11 18:32:34]Read Magic Info Name = [伊贺流Backstab Sea Wave]
[02-11 18:32:34]Read Magic Info Name = [伊贺流刺盲术施放Sea Wave]
[02-11 18:32:34]Read Magic Info Name = [伊贺流刺盲术人物Sea Wave]
[02-11 18:32:34]Read Magic Info Name = [Diligence 术人物Sea Wave]
[02-11 18:32:34]Read Magic Info Name = [冰霜护盾人物命中Sea Wave]
[02-11 18:32:34]Read Magic Info Name = [Double Damage]
[02-11 18:32:34]Read Magic Info Name = [受到伤害]
[02-11 18:32:34]Read Magic Info Name = [Levelup]
[02-11 18:32:34]Read Magic Info Name = [HP Recover]
[02-11 18:32:34]Read Magic Info Name = [SP recovery]
[02-11 18:32:34]Read Magic Info Name = [冰霜护盾人物持续Sea Wave]
[02-11 18:32:34]Read Magic Info Name = [Parry 施放]
[02-11 18:32:34]Read Magic Info Name = [丛林穿越施放]
[02-11 18:32:34]Read Magic Info Name = [丛林穿越人物持续Sea Wave]
[02-11 18:32:34]Read Magic Info Name = [慧星强击施放]
[02-11 18:32:34]Read Magic Info Name = [慧星强击人物命中Sea Wave]
[02-11 18:32:34]Read Magic Info Name = [宠物理疗施放]
[02-11 18:32:34]Read Magic Info Name = [Cripple 射击释放Sea Wave]
[02-11 18:32:34]Read Magic Info Name = [Cripple 持续]
[02-11 18:32:34]Read Magic Info Name = [Cripple 命中]
[02-11 18:32:34]Read Magic Info Name = [火焰喷射施放]
[02-11 18:32:34]Read Magic Info Name = [火焰喷射人物持续Sea Wave]
[02-11 18:32:34]Read Magic Info Name = [Headshot DuratioSea Wave]
[02-11 18:32:34]Read Magic Info Name = [Recover Hit RateSea Wave]
[02-11 18:32:34]Read Magic Info Name = [Greater Recover Sea Wave]
[02-11 18:32:34]Read Magic Info Name = [烈焰之翼施放]
[02-11 18:32:34]Read Magic Info Name = [烈焰之翼人物命中Sea Wave]
[02-11 18:32:34]Read Magic Info Name = [烈焰之翼人物持续Sea Wave]
[02-11 18:32:34]Read Magic Info Name = [圣火之光人物命中Sea Wave]
[02-11 18:32:34]Read Magic Info Name = [圣火之光人物持续Sea Wave]
[02-11 18:32:34]Read Magic Info Name = [Spiritual Fire Sea Wave]
[02-11 18:32:34]Read Magic Info Name = [Spiritual Fire Sea Wave]
[02-11 18:32:34]Read Magic Info Name = [Cursed Fire 释放Sea Wave]
[02-11 18:32:34]Read Magic Info Name = [Cursed Fire 人物Sea Wave]
[02-11 18:32:34]Read Magic Info Name = [Angelic Shield]
[02-11 18:32:34]Read Magic Info Name = [Angelic Shield Sea Wave]
[02-11 18:32:34]Read Magic Info Name = [Angelic Shield Sea Wave]
[02-11 18:32:34]Read Magic Info Name = [圣职纹章人物命中Sea Wave]
[02-11 18:32:34]Read Magic Info Name = [圣职纹章人物持续Sea Wave]
[02-11 18:32:34]Read Magic Info Name = [天使祈愿人物命中Sea Wave]
[02-11 18:32:34]Read Magic Info Name = [Healing Spring Sea Wave]
[02-11 18:32:34]Read Magic Info Name = [Healing Spring Sea Wave]
[02-11 18:32:34]Read Magic Info Name = [幸运之光施放]
[02-11 18:32:34]Read Magic Info Name = [幸运之光人物命中Sea Wave]
[02-11 18:32:34]Read Magic Info Name = [幸运之光人物持续Sea Wave]
[02-11 18:32:34]Read Magic Info Name = [Tempest Boost 人Sea Wave]
[02-11 18:32:34]Read Magic Info Name = [急速风暴人物命中Sea Wave]
[02-11 18:32:34]Read Magic Info Name = [急速风暴人物持续Sea Wave]
[02-11 18:32:34]Read Magic Info Name = [Counterguard 地Sea Wave]
[02-11 18:32:34]Read Magic Info Name = [Counterguard 人Sea Wave]
[02-11 18:32:34]Read Magic Info Name = [True Sight 施放]
[02-11 18:32:34]Read Magic Info Name = [True Sight 人物Sea Wave]
[02-11 18:32:34]Read Magic Info Name = [Seal of Elder 人Sea Wave]
[02-11 18:32:34]Read Magic Info Name = [Seal of Elder 人Sea Wave]
[02-11 18:32:34]Read Magic Info Name = [Shadow Insignia Sea Wave]
[02-11 18:32:34]Read Magic Info Name = [Shadow Insignia Sea Wave]
[02-11 18:32:34]Read Magic Info Name = [十字束缚人物命中Sea Wave]
[02-11 18:32:34]Read Magic Info Name = [十字束缚人物持续Sea Wave]
[02-11 18:32:34]Read Magic Info Name = [回复天使施放]
[02-11 18:32:34]Read Magic Info Name = [回复天使地面命中Sea Wave]
[02-11 18:32:34]Read Magic Info Name = [Cursed Fire 地面Sea Wave]
[02-11 18:32:34]Read Magic Info Name = [Illusion Slash Sea Wave]
[02-11 18:32:34]Read Magic Info Name = [Mighty Strike 施Sea Wave]
[02-11 18:32:34]Read Magic Info Name = [Primal Fist UnleSea Wave]
[02-11 18:32:34]Read Magic Info Name = [Frozen Arrow 施Sea Wave]
[02-11 18:32:34]Read Magic Info Name = [Spiritual Bolt Sea Wave]
[02-11 18:32:34]Read Magic Info Name = [Spiritual Fire Sea Wave]
[02-11 18:32:34]Read Magic Info Name = [Tempest Boost 施Sea Wave]
[02-11 18:32:34]Read Magic Info Name = [Tornado Swirl 施Sea Wave]
[02-11 18:32:34]Read Magic Info Name = [Angelic Shield Sea Wave]
[02-11 18:32:34]Read Magic Info Name = [Illusion Slash HSea Wave]
[02-11 18:32:34]Read Magic Info Name = [Mighty Strike 命Sea Wave]
[02-11 18:32:34]Read Magic Info Name = [兽王之拳命中]
[02-11 18:32:34]Read Magic Info Name = [毒标命中]
[02-11 18:32:34]Read Magic Info Name = [Numb Hit Rate]
[02-11 18:32:34]Read Magic Info Name = [Frozen Arrow 命Sea Wave]
[02-11 18:32:34]Read Magic Info Name = [Spiritual Bolt Sea Wave]
[02-11 18:32:34]Read Magic Info Name = [Spiritual Fire Sea Wave]
[02-11 18:32:34]Read Magic Info Name = [急速风暴命中]
[02-11 18:32:34]Read Magic Info Name = [Angelic Shield Sea Wave]
[02-11 18:32:34]Read Magic Info Name = [Seal of Elder 命Sea Wave]
[02-11 18:32:34]Read Magic Info Name = [Spiritual Fire Sea Wave]
[02-11 18:32:34]Read Magic Info Name = [Tempest Boost 持Sea Wave]
[02-11 18:32:34]Read Magic Info Name = [急速风暴持续]
[02-11 18:32:34]Read Magic Info Name = [Angelic Shield Sea Wave]
[02-11 18:32:34]Read Magic Info Name = [技能禁止持续]
[02-11 18:32:34]Read Magic Info Name = [Energy Shield 持Sea Wave]
[02-11 18:32:34]Read Magic Info Name = [Frozen Arrow 持Sea Wave]
[02-11 18:32:34]Read Magic Info Name = [Eagle's Eye 释放Sea Wave]
[02-11 18:32:34]Read Magic Info Name = [Eagle's Eye 持续Sea Wave]
[02-11 18:32:34]Read Magic Info Name = [Eagle's Eye 命中Sea Wave]
[02-11 18:32:34]Read Magic Info Name = [Mining 特效]
[02-11 18:32:34]Read Magic Info Name = [普通刀光幻影]
[02-11 18:32:34]Read Magic Info Name = [刀光02]
[02-11 18:32:34]Read Magic Info Name = [小Recover 释放]
[02-11 18:32:34]Read Magic Info Name = [刀光]
[02-11 18:32:34]Read Magic Info Name = [Octopus 技能命中Sea Wave]
[02-11 18:32:34]Read Magic Info Name = [针刺曼陀罗命中]
[02-11 18:32:34]Read Magic Info Name = [飞熊猫命中]
[02-11 18:32:34]Read Magic Info Name = [地精长老命中]
[02-11 18:32:34]Read Magic Info Name = [水精灵命中]
[02-11 18:32:34]Read Magic Info Name = [Oyster命中]
[02-11 18:32:34]Read Magic Info Name = [小冰龙命中]
[02-11 18:32:34]Read Magic Info Name = [大冰龙命中]
[02-11 18:32:34]Read Magic Info Name = [射水贝命中]
[02-11 18:32:34]Read Magic Info Name = [Berserk 命中]
[02-11 18:32:34]Read Magic Info Name = [深渊沼泽释放]
[02-11 18:32:34]Read Magic Info Name = [深渊沼泽道具释放Sea Wave]
[02-11 18:32:34]Read Magic Info Name = [深渊沼泽命中]
[02-11 18:32:34]Read Magic Info Name = [深渊沼泽持续]
[02-11 18:32:34]Read Magic Info Name = [Healing Spring Sea Wave]
[02-11 18:32:34]Read Magic Info Name = [Healing Spring Sea Wave]
[02-11 18:32:34]Read Magic Info Name = [Cursed Fire 道具Sea Wave]
[02-11 18:32:34]Read Magic Info Name = [Shadow Insignia Sea Wave]
[02-11 18:32:34]Read Magic Info Name = [Shadow Insignia Sea Wave]
[02-11 18:32:34]Read Magic Info Name = [Energy Shield 释Sea Wave]
[02-11 18:32:34]Read Magic Info Name = [Energy Shield 道Sea Wave]
[02-11 18:32:34]Read Magic Info Name = [Energy Shield 命Sea Wave]
[02-11 18:32:34]Read Magic Info Name = [毒标释放]
[02-11 18:32:34]Read Magic Info Name = [毒标持续]
[02-11 18:32:34]Read Magic Info Name = [Shadow Slash 命Sea Wave]
[02-11 18:32:34]Read Magic Info Name = [Shadow Slash 释Sea Wave]
[02-11 18:32:34]Read Magic Info Name = [Shadow Slash 持Sea Wave]
[02-11 18:32:34]Read Magic Info Name = [Magma Bullet 释Sea Wave]
[02-11 18:32:34]Read Magic Info Name = [Magma Bullet 道Sea Wave]
[02-11 18:32:34]Read Magic Info Name = [爆头道具释放]
[02-11 18:32:34]Read Magic Info Name = [爆头道具释放发射Sea Wave]
[02-11 18:32:34]Read Magic Info Name = [Headshot命中]
[02-11 18:32:34]Read Magic Info Name = [Enfeeble 道具持Sea Wave]
[02-11 18:32:34]Read Magic Info Name = [Enfeeble 道具释Sea Wave]
[02-11 18:32:34]Read Magic Info Name = [Enfeeble 命中]
[02-11 18:32:34]Read Magic Info Name = [雪女喷霜]
[02-11 18:32:34]Read Magic Info Name = [龟王起浪受击]
[02-11 18:32:34]Read Magic Info Name = [遗迹守护者受击]
[02-11 18:32:34]Read Magic Info Name = [Conch Ray 波]
[02-11 18:32:34]Read Magic Info Name = [Conch Ray 尘土]
[02-11 18:32:34]Read Magic Info Name = [Conch Ray 受击]
[02-11 18:32:34]Read Magic Info Name = [Healing Spring Sea Wave]
[02-11 18:32:34]Read Magic Info Name = [Lightning Bolt Sea Wave]
[02-11 18:32:34]Read Magic Info Name = [Lightning Bolt Sea Wave]
[02-11 18:32:34]Read Magic Info Name = [Lightning Bolt Sea Wave]
[02-11 18:32:34]Read Magic Info Name = [Tornado 释放]
[02-11 18:32:34]Read Magic Info Name = [Tornado 命中]
[02-11 18:32:34]Read Magic Info Name = [Tornado 持续]
[02-11 18:32:34]Read Magic Info Name = [Algae Persists]
[02-11 18:32:34]Read Magic Info Name = [海藻命中]
[02-11 18:32:34]Read Magic Info Name = [海藻持m]
[02-11 18:32:34]Read Magic Info Name = [漩u放]
[02-11 18:32:34]Read Magic Info Name = [漩u命中]
[02-11 18:32:34]Read Magic Info Name = [漩u持m]
[02-11 18:32:34]Read Magic Info Name = [迷F放]
[02-11 18:32:34]Read Magic Info Name = [迷F命中]
[02-11 18:32:34]Read Magic Info Name = [迷F持m]
[02-11 18:32:34]Read Magic Info Name = [普通h放]
[02-11 18:32:34]Read Magic Info Name = [L放]
[02-11 18:32:34]Read Magic Info Name = [L命中]
[02-11 18:32:34]Read Magic Info Name = [L持m]
[02-11 18:32:34]Read Magic Info Name = [Lightning CurtaiSea Wave]
[02-11 18:32:34]Read Magic Info Name = [Lightning CurtaiSea Wave]
[02-11 18:32:34]Read Magic Info Name = [Lightning CurtaiSea Wave]
[02-11 18:32:34]Read Magic Info Name = [风区]
[02-11 18:32:34]Read Magic Info Name = [雷区]
[02-11 18:32:34]Read Magic Info Name = [雾区]
[02-11 18:32:34]Read Magic Info Name = [Tiger Roar PersiSea Wave]
[02-11 18:32:34]Read Magic Info Name = [Tiger Roar 持续]
[02-11 18:32:34]Read Magic Info Name = [冰箭释放]
[02-11 18:32:34]Read Magic Info Name = [冰箭持续]
[02-11 18:32:34]Read Magic Info Name = [Venom Arrow 释放Sea Wave]
[02-11 18:32:34]Read Magic Info Name = [石盾释放]
[02-11 18:32:34]Read Magic Info Name = [石盾命中]
[02-11 18:32:34]Read Magic Info Name = [石盾持续]
[02-11 18:32:34]Read Magic Info Name = [Rousing 持续]
[02-11 18:32:34]Read Magic Info Name = [Rousing 释放]
[02-11 18:32:34]Read Magic Info Name = [Break Armor 释放Sea Wave]
[02-11 18:32:34]Read Magic Info Name = [Break Armor 命中Sea Wave]
[02-11 18:32:34]Read Magic Info Name = [Break Armor 持续Sea Wave]
[02-11 18:32:34]Read Magic Info Name = [Will of Steel 释Sea Wave]
[02-11 18:32:34]Read Magic Info Name = [Fishing 释放]
[02-11 18:32:34]Read Magic Info Name = [Salvage sunken sSea Wave]
[02-11 18:32:34]Read Magic Info Name = [Unleash Salvage Sea Wave]
[02-11 18:32:34]Read Magic Info Name = [守护天使释放]
[02-11 18:32:34]Read Magic Info Name = [Goddess 思念体释Sea Wave]
[02-11 18:32:34]Read Magic Info Name = [Goddess 思念体释Sea Wave]
[02-11 18:32:34]Read Magic Info Name = [Goddess 思念体命Sea Wave]
[02-11 18:32:34]Read Magic Info Name = [普通炮弹2]
[02-11 18:32:34]Read Magic Info Name = [普通炮弹1]
[02-11 18:32:34]Read Magic Info Name = [死亡嘲笑释放]
[02-11 18:32:34]Read Magic Info Name = [死亡嘲笑命中]
[02-11 18:32:34]Read Magic Info Name = [死亡嘲笑持续]
[02-11 18:32:34]Read Magic Info Name = [血怒释放]
[02-11 18:32:34]Read Magic Info Name = [血怒持续]
[02-11 18:32:34]Read Magic Info Name = [血怒命中]
[02-11 18:32:34]Read Magic Info Name = [Mud Hit Rate]
[02-11 18:32:34]Read Magic Info Name = [泥巴持续]
[02-11 18:32:34]Read Magic Info Name = [地震释放]
[02-11 18:32:34]Read Magic Info Name = [地震命中]
[02-11 18:32:34]Read Magic Info Name = [冰吻释放]
[02-11 18:32:34]Read Magic Info Name = [冰吻受击]
[02-11 18:32:34]Read Magic Info Name = [冰吻持续]
[02-11 18:32:34]Read Magic Info Name = [风刃释放]
[02-11 18:32:34]Read Magic Info Name = [风刃释放b]
[02-11 18:32:34]Read Magic Info Name = [Wind Blade AttacSea Wave]
[02-11 18:32:34]Read Magic Info Name = [巨人首领刀光]
[02-11 18:32:34]Read Magic Info Name = [Hairstyling succSea Wave]
[02-11 18:32:34]Read Magic Info Name = [Hairstyling failSea Wave]
[02-11 18:32:34]Read Magic Info Name = [Taunt 释放]
[02-11 18:32:34]Read Magic Info Name = [Taunt Attack]
[02-11 18:32:34]Read Magic Info Name = [Roar 释放]
[02-11 18:32:34]Read Magic Info Name = [上古BOSS绿火释放Sea Wave]
[02-11 18:32:34]Read Magic Info Name = [Ancient BOSS LasSea Wave]
[02-11 18:32:34]Read Magic Info Name = [上古BOSS绿火命中Sea Wave]
[02-11 18:32:34]Read Magic Info Name = [PK炮塔开炮]
[02-11 18:32:34]Read Magic Info Name = [魔法暴动持续]
[02-11 18:32:34]Read Magic Info Name = [魔法暴动释放]
[02-11 18:32:34]Read Magic Info Name = [Forging successfSea Wave]
[02-11 18:32:34]Read Magic Info Name = [Forging failed]
[02-11 18:32:34]Read Magic Info Name = [Corpse Attack]
[02-11 18:32:34]Read Magic Info Name = [僵尸攻击聚气]
[02-11 18:32:34]Read Magic Info Name = [Corpse Attack PeSea Wave]
[02-11 18:32:34]Read Magic Info Name = [狐道士魔法释放]
[02-11 18:32:34]Read Magic Info Name = [狐道士魔法飞行]
[02-11 18:32:34]Read Magic Info Name = [狐妖魔法释放]
[02-11 18:32:34]Read Magic Info Name = [狐妖魔法飞行]
[02-11 18:32:34]Read Magic Info Name = [i]
[02-11 18:32:34]Read Magic Info Name = [love]
[02-11 18:32:34]Read Magic Info Name = [u]
[02-11 18:32:34]Read Magic Info Name = [Me]
[02-11 18:32:34]Read Magic Info Name = [Love]
[02-11 18:32:34]Read Magic Info Name = [你]
[02-11 18:32:34]Read Magic Info Name = [Lantern]
[02-11 18:32:34]Read Magic Info Name = [Firework a1]
[02-11 18:32:34]Read Magic Info Name = [Firework a2]
[02-11 18:32:34]Read Magic Info Name = [Firework a3]
[02-11 18:32:34]Read Magic Info Name = [Firework b1]
[02-11 18:32:34]Read Magic Info Name = [Firework b2]
[02-11 18:32:34]Read Magic Info Name = [Firework b3]
[02-11 18:32:34]Read Magic Info Name = [Firework c1]
[02-11 18:32:34]Read Magic Info Name = [Firework c2]
[02-11 18:32:34]Read Magic Info Name = [Firework c3]
[02-11 18:32:34]Read Magic Info Name = [Love you so]
[02-11 18:32:34]Read Magic Info Name = [Fascinate]
[02-11 18:32:34]Read Magic Info Name = [狐仙魔法释放]
[02-11 18:32:34]Read Magic Info Name = [狐仙葫芦释放]
[02-11 18:32:34]Read Magic Info Name = [图腾攻击释放]
[02-11 18:32:34]Read Magic Info Name = [Sachem's WitchcrSea Wave]
[02-11 18:32:34]Read Magic Info Name = [冰龙1受击]
[02-11 18:32:34]Read Magic Info Name = [冰龙2受击]
[02-11 18:32:34]Read Magic Info Name = [蟹绒持续]
[02-11 18:32:34]Read Magic Info Name = [Black Dragon TerSea Wave]
[02-11 18:32:34]Read Magic Info Name = [冰河时代]
[02-11 18:32:34]Read Magic Info Name = [狐狸死亡]
[02-11 18:32:34]Read Magic Info Name = [基地红死亡]
[02-11 18:32:34]Read Magic Info Name = [Blue Base DestroSea Wave]
[02-11 18:32:34]Read Magic Info Name = [PK炮台红死亡]
[02-11 18:32:34]Read Magic Info Name = [PK炮台蓝死亡]
[02-11 18:32:34]Read Magic Info Name = [帐篷红死亡]
[02-11 18:32:34]Read Magic Info Name = [帐篷蓝死亡]
[02-11 18:32:34]Read Magic Info Name = [小卖部红死亡]
[02-11 18:32:34]Read Magic Info Name = [小卖部蓝死亡]
[02-11 18:32:34]Read Magic Info Name = [Water Mine ExploSea Wave]
[02-11 18:32:34]Read Magic Info Name = [炮台死亡]
[02-11 18:32:34]Read Magic Info Name = [Blacksmith Mars]
[02-11 18:32:34]Read Magic Info Name = [小冰龙死亡]
[02-11 18:32:34]Read Magic Info Name = [守卫死亡]
[02-11 18:32:34]Read Magic Info Name = [冰龙死亡]
[02-11 18:32:34]Read Magic Info Name = [Carnivore FlowerSea Wave]
[02-11 18:32:34]Read Magic Info Name = [火灵]
[02-11 18:32:34]Read Magic Info Name = [npc死亡]
[02-11 18:32:34]Read Magic Info Name = [npc出生]
[02-11 18:32:34]Read Magic Info Name = [Thundorian StaffSea Wave]
[02-11 18:32:34]Read Magic Info Name = [Staff of Life]
[02-11 18:32:34]Read Magic Info Name = [Magical Staff]
[02-11 18:32:34]Read Magic Info Name = [红宝石1]
[02-11 18:32:34]Read Magic Info Name = [红宝石2]
[02-11 18:32:34]Read Magic Info Name = [红宝石3]
[02-11 18:32:34]Read Magic Info Name = [蓝宝石1]
[02-11 18:32:34]Read Magic Info Name = [蓝宝石2]
[02-11 18:32:34]Read Magic Info Name = [Sapphire 3]
[02-11 18:32:34]Read Magic Info Name = [黄宝石1]
[02-11 18:32:34]Read Magic Info Name = [黄宝石2]
[02-11 18:32:34]Read Magic Info Name = [黄宝石3]
[02-11 18:32:34]Read Magic Info Name = [Refining Gem]
[02-11 18:32:34]Read Magic Info Name = [机器人黑烟]
[02-11 18:32:34]Read Magic Info Name = [半兽人烟]
[02-11 18:32:34]Read Magic Info Name = [Humpy Camel DustSea Wave]
[02-11 18:32:34]Read Magic Info Name = [沙骑兵尘]
[02-11 18:32:34]Read Magic Info Name = [Naiad]
[02-11 18:32:34]Read Magic Info Name = [千年女尸]
[02-11 18:32:34]Read Magic Info Name = [南瓜人火]
[02-11 18:32:34]Read Magic Info Name = [南瓜人火]
[02-11 18:32:34]Read Magic Info Name = [诅咒木尸]
[02-11 18:32:34]Read Magic Info Name = [Sand Bandit]
[02-11 18:32:34]Read Magic Info Name = [Octopus]
[02-11 18:32:34]Read Magic Info Name = [Kingfisher]
[02-11 18:32:34]Read Magic Info Name = [火灵]
[02-11 18:32:34]Read Magic Info Name = [Mystic Shrub]
[02-11 18:32:34]Read Magic Info Name = [法王火球]
[02-11 18:32:34]Read Magic Info Name = [Icy Dragon]
[02-11 18:32:34]Read Magic Info Name = [鼹鼠灯光]
[02-11 18:32:34]Read Magic Info Name = [Mystic Flower]
[02-11 18:32:34]Read Magic Info Name = [zone]
[02-11 18:32:34]Read Magic Info Name = [Silly Crab SoldiSea Wave]
[02-11 18:32:34]Read Magic Info Name = [Baby Icy Dragon]
[02-11 18:32:34]Read Magic Info Name = [阿努比斯]
[02-11 18:32:34]Read Magic Info Name = [Nightmare]
[02-11 18:32:34]Read Magic Info Name = [Snowy Mystic ShrSea Wave]
[02-11 18:32:34]Read Magic Info Name = [橙色精灵草]
[02-11 18:32:34]Read Magic Info Name = [Red Mystic ShrubSea Wave]
[02-11 18:32:34]Read Magic Info Name = [Dry Mystic ShrubSea Wave]
[02-11 18:32:34]Read Magic Info Name = [Blue Mystic ShruSea Wave]
[02-11 18:32:34]Read Magic Info Name = [紫色精灵草]
[02-11 18:32:34]Read Magic Info Name = [Ancient Mystic SSea Wave]
[02-11 18:32:34]Read Magic Info Name = [Tempest Sea JellSea Wave]
[02-11 18:32:34]Read Magic Info Name = [Electric Sea JelSea Wave]
[02-11 18:32:34]Read Magic Info Name = [Shadow Hunter]
[02-11 18:32:34]Read Magic Info Name = [Man-Eating SpideSea Wave]
[02-11 18:32:34]Read Magic Info Name = [Snow Lady]
[02-11 18:32:34]Read Magic Info Name = [Snow Lady]
[02-11 18:32:34]Read Magic Info Name = [南瓜将军]
[02-11 18:32:34]Read Magic Info Name = [泥浆怪]
[02-11 18:32:34]Read Magic Info Name = [Guardian Angel]
[02-11 18:32:34]Read Magic Info Name = [Lubi Terror]
[02-11 18:32:34]Read Magic Info Name = [Soul of Goddess]
[02-11 18:32:34]Read Magic Info Name = [船只HP不足1]
[02-11 18:32:34]Read Magic Info Name = [船只HP不足2]
[02-11 18:32:34]Read Magic Info Name = [船只HP不足3]
[02-11 18:32:34]Read Magic Info Name = [海上传送门]
[02-11 18:32:34]Read Magic Info Name = [PK建筑HP不足1]
[02-11 18:32:34]Read Magic Info Name = [PK建筑HP不足2]
[02-11 18:32:34]Read Magic Info Name = [PK建筑HP不足3]
[02-11 18:32:34]Read Magic Info Name = [Dark Wing]
[02-11 18:32:34]Read Magic Info Name = [Dark Wing]
[02-11 18:32:34]Read Magic Info Name = [Dark Wing]
[02-11 18:32:34]Read Magic Info Name = [Angel Wing]
[02-11 18:32:34]Read Magic Info Name = [Angel Wing]
[02-11 18:32:34]Read Magic Info Name = [Angel Wing]
[02-11 18:32:34]Read Magic Info Name = [Rose]
[02-11 18:32:34]Read Magic Info Name = [光之精灵]
[02-11 18:32:34]Read Magic Info Name = [黄色球精灵]
[02-11 18:32:34]Read Magic Info Name = [绿色球精灵]
[02-11 18:32:34]Read Magic Info Name = [绿精灵]
[02-11 18:32:34]Read Magic Info Name = [红精灵]
[02-11 18:32:34]Read Magic Info Name = [咸蛋绿精灵]
[02-11 18:32:34]Read Magic Info Name = [咸蛋兰精灵]
[02-11 18:32:34]Read Magic Info Name = [包菜绿精灵]
[02-11 18:32:34]Read Magic Info Name = [黄包菜精灵]
[02-11 18:32:34]Read Magic Info Name = [幽灵精灵]
[02-11 18:32:34]Read Magic Info Name = [幽灵精灵2]
[02-11 18:32:34]Read Magic Info Name = [鹦鹉精灵1]
[02-11 18:32:34]Read Magic Info Name = [鹦鹉精灵2]
[02-11 18:32:34]Read Magic Info Name = [Frost Breath]
[02-11 18:32:34]Read Magic Info Name = [冰龙扇形冷气攻击Sea Wave]
[02-11 18:32:34]Read Magic Info Name = [木尸法王尸毒]
[02-11 18:32:34]Read Magic Info Name = [Black Dragon BreSea Wave]
[02-11 18:32:34]Read Magic Info Name = [Black Dragon FliSea Wave]
[02-11 18:32:34]Read Magic Info Name = [机械巨兵1]
[02-11 18:32:34]Read Magic Info Name = [机械巨兵2]
[02-11 18:32:34]Read Magic Info Name = [魅惑持续]
[02-11 18:32:34]Read Magic Info Name = [龙明]
[02-11 18:32:34]Read Magic Info Name = [太阳表情]
[02-11 18:32:34]Read Magic Info Name = [阴天表情]
[02-11 18:32:34]Read Magic Info Name = [雪表情]
[02-11 18:32:34]Read Magic Info Name = [星表情]
[02-11 18:32:34]Read Magic Info Name = [雨表情]
[02-11 18:32:34]Read Magic Info Name = [多云表情]
[02-11 18:32:34]Read Magic Info Name = [骷髅表情]
[02-11 18:32:34]Read Magic Info Name = [彩虹表情]
[02-11 18:32:34]Read Magic Info Name = [天使表情]
[02-11 18:32:34]Read Magic Info Name = [恶魔表情]
[02-11 18:32:34]Read Magic Info Name = [小黑龙虎啸释放]
[02-11 18:32:34]Read Magic Info Name = [小黑龙虎啸命中]
[02-11 18:32:34]Read Magic Info Name = [小黑龙雷击释放]
[02-11 18:32:34]Read Magic Info Name = [小黑龙雷击命中]
[02-11 18:32:34]Read Magic Info Name = [小黑龙幻影斩释放Sea Wave]
[02-11 18:32:34]Read Magic Info Name = [小黑龙雷击持续]
[02-11 18:32:34]Read Magic Info Name = [小黑龙幻影斩命中Sea Wave]
[02-11 18:32:34]Read Magic Info Name = [黑龙炎球释放]
[02-11 18:32:34]Read Magic Info Name = [黑龙炎球命中]
[02-11 18:32:34]Read Magic Info Name = [黑龙炎球地面]
[02-11 18:32:34]Read Magic Info Name = [黑龙召唤]
[02-11 18:32:34]Read Magic Info Name = [小黑龙虎啸持续]
[02-11 18:32:34]Read Magic Info Name = [法杖增益头1]
[02-11 18:32:34]Read Magic Info Name = [法杖增益头2]
[02-11 18:32:34]Read Magic Info Name = [法杖增益头3]
[02-11 18:32:34]Read Magic Info Name = [法杖增益头4]
[02-11 18:32:34]Read Magic Info Name = [法杖增益环空]
[02-11 18:32:34]Read Magic Info Name = [法杖增益环空]
[02-11 18:32:34]Read Magic Info Name = [法杖增益环空]
[02-11 18:32:34]Read Magic Info Name = [法杖增益环有]
[02-11 18:32:34]Read Magic Info Name = [法杖增益身体空]
[02-11 18:32:34]Read Magic Info Name = [法杖增益身体有]
[02-11 18:32:34]Read Magic Info Name = [法杖增益身体有]
[02-11 18:32:34]Read Magic Info Name = [法杖增益身体有]
[02-11 18:32:34]Read Magic Info Name = [巨剑攻击1]
[02-11 18:32:34]Read Magic Info Name = [巨剑攻击2]
[02-11 18:32:34]Read Magic Info Name = [巨剑攻击3]
[02-11 18:32:34]Read Magic Info Name = [巨剑攻击4]
[02-11 18:32:34]Read Magic Info Name = [单手剑攻击1]
[02-11 18:32:34]Read Magic Info Name = [Single-handed SwSea Wave]
[02-11 18:32:34]Read Magic Info Name = [单手剑Attack 3]
[02-11 18:32:34]Read Magic Info Name = [单手剑攻击4]
[02-11 18:32:34]Read Magic Info Name = [匕首攻击1]
[02-11 18:32:34]Read Magic Info Name = [匕首攻击2]
[02-11 18:32:34]Read Magic Info Name = [匕首攻击3]
[02-11 18:32:34]Read Magic Info Name = [匕首攻击4]
[02-11 18:32:34]Read Magic Info Name = [枪攻击身体1]
[02-11 18:32:34]Read Magic Info Name = [枪攻击身体2]
[02-11 18:32:34]Read Magic Info Name = [枪攻击身体3]
[02-11 18:32:34]Read Magic Info Name = [枪攻击身体4]
[02-11 18:32:34]Read Magic Info Name = [枪攻击头1]
[02-11 18:32:34]Read Magic Info Name = [枪攻击头2]
[02-11 18:32:34]Read Magic Info Name = [枪攻击头3]
[02-11 18:32:34]Read Magic Info Name = [枪攻击头4]
[02-11 18:32:34]Read Magic Info Name = [法杖防御头1]
[02-11 18:32:34]Read Magic Info Name = [法杖防御头2]
[02-11 18:32:34]Read Magic Info Name = [法杖防御头3]
[02-11 18:32:34]Read Magic Info Name = [法杖防御头4]
[02-11 18:32:34]Read Magic Info Name = [法杖防御环空]
[02-11 18:32:34]Read Magic Info Name = [法杖防御环空]
[02-11 18:32:34]Read Magic Info Name = [法杖防御环空]
[02-11 18:32:34]Read Magic Info Name = [法杖防御环有]
[02-11 18:32:34]Read Magic Info Name = [法杖防御身体空]
[02-11 18:32:34]Read Magic Info Name = [法杖防御身体有]
[02-11 18:32:34]Read Magic Info Name = [法杖防御身体有]
[02-11 18:32:34]Read Magic Info Name = [法杖防御身体有]
[02-11 18:32:34]Read Magic Info Name = [法杖攻击头1]
[02-11 18:32:34]Read Magic Info Name = [法杖攻击头2]
[02-11 18:32:34]Read Magic Info Name = [法杖攻击头3]
[02-11 18:32:34]Read Magic Info Name = [法杖攻击头4]
[02-11 18:32:34]Read Magic Info Name = [法杖攻击环空]
[02-11 18:32:34]Read Magic Info Name = [法杖攻击环空]
[02-11 18:32:34]Read Magic Info Name = [法杖攻击环空]
[02-11 18:32:34]Read Magic Info Name = [法杖攻击环有]
[02-11 18:32:34]Read Magic Info Name = [法杖攻击身体空]
[02-11 18:32:34]Read Magic Info Name = [法杖攻击身体有]
[02-11 18:32:34]Read Magic Info Name = [法杖攻击身体有]
[02-11 18:32:34]Read Magic Info Name = [法杖攻击身体有]
[02-11 18:32:34]Read Magic Info Name = [巨剑增益1]
[02-11 18:32:34]Read Magic Info Name = [巨剑增益2]
[02-11 18:32:34]Read Magic Info Name = [巨剑增益3]
[02-11 18:32:34]Read Magic Info Name = [巨剑增益4]
[02-11 18:32:34]Read Magic Info Name = [单手剑增益1]
[02-11 18:32:34]Read Magic Info Name = [单手剑增益2]
[02-11 18:32:34]Read Magic Info Name = [单手剑增益3]
[02-11 18:32:34]Read Magic Info Name = [单手剑增益4]
[02-11 18:32:34]Read Magic Info Name = [匕首增益1]
[02-11 18:32:34]Read Magic Info Name = [匕首增益2]
[02-11 18:32:34]Read Magic Info Name = [匕首增益3]
[02-11 18:32:34]Read Magic Info Name = [匕首增益4]
[02-11 18:32:34]Read Magic Info Name = [巨剑防御1]
[02-11 18:32:34]Read Magic Info Name = [巨剑防御2]
[02-11 18:32:34]Read Magic Info Name = [巨剑防御3]
[02-11 18:32:34]Read Magic Info Name = [巨剑防御4]
[02-11 18:32:34]Read Magic Info Name = [单手剑防御1]
[02-11 18:32:34]Read Magic Info Name = [单手剑防御2]
[02-11 18:32:34]Read Magic Info Name = [单手剑防御3]
[02-11 18:32:34]Read Magic Info Name = [单手剑防御4]
[02-11 18:32:34]Read Magic Info Name = [匕首防御1]
[02-11 18:32:34]Read Magic Info Name = [匕首防御2]
[02-11 18:32:34]Read Magic Info Name = [Dagger Defense 3Sea Wave]
[02-11 18:32:34]Read Magic Info Name = [匕首防御4]
[02-11 18:32:34]Read Magic Info Name = [枪防御身体1]
[02-11 18:32:34]Read Magic Info Name = [枪防御身体2]
[02-11 18:32:34]Read Magic Info Name = [枪防御身体3]
[02-11 18:32:34]Read Magic Info Name = [枪防御身体4]
[02-11 18:32:34]Read Magic Info Name = [Gun Head DefenseSea Wave]
[02-11 18:32:34]Read Magic Info Name = [枪防御头2]
[02-11 18:32:34]Read Magic Info Name = [枪防御头3]
[02-11 18:32:34]Read Magic Info Name = [枪防御头4]
[02-11 18:32:34]Read Magic Info Name = [枪增益身体1]
[02-11 18:32:34]Read Magic Info Name = [枪增益身体2]
[02-11 18:32:34]Read Magic Info Name = [枪增益身体3]
[02-11 18:32:34]Read Magic Info Name = [枪增益身体4]
[02-11 18:32:34]Read Magic Info Name = [Gun Head Bonus 1Sea Wave]
[02-11 18:32:34]Read Magic Info Name = [枪增益头2]
[02-11 18:32:34]Read Magic Info Name = [枪增益头3]
[02-11 18:32:34]Read Magic Info Name = [枪增益头4]
[02-11 18:32:34]Read Magic Info Name = [法杖攻防增身体淡Sea Wave]
[02-11 18:32:34]Read Magic Info Name = [法杖攻防增身体有Sea Wave]
[02-11 18:32:34]Read Magic Info Name = [法杖攻防增身体有Sea Wave]
[02-11 18:32:34]Read Magic Info Name = [法杖攻防增身体有Sea Wave]
[02-11 18:32:34]Read Magic Info Name = [法杖攻防增头1]
[02-11 18:32:34]Read Magic Info Name = [法杖攻防增头2]
[02-11 18:32:34]Read Magic Info Name = [法杖攻防增头3]
[02-11 18:32:34]Read Magic Info Name = [法杖攻防增头4]
[02-11 18:32:34]Read Magic Info Name = [巨剑增防1]
[02-11 18:32:34]Read Magic Info Name = [巨剑增防2]
[02-11 18:32:34]Read Magic Info Name = [巨剑增防3]
[02-11 18:32:34]Read Magic Info Name = [巨剑增防4]
[02-11 18:32:34]Read Magic Info Name = [单手剑增防1]
[02-11 18:32:34]Read Magic Info Name = [单手剑增防2]
[02-11 18:32:34]Read Magic Info Name = [单手剑增防3]
[02-11 18:32:34]Read Magic Info Name = [单手剑增防4]
[02-11 18:32:34]Read Magic Info Name = [匕首增防1]
[02-11 18:32:34]Read Magic Info Name = [匕首增防2]
[02-11 18:32:34]Read Magic Info Name = [匕首增防3]
[02-11 18:32:34]Read Magic Info Name = [匕首增防4]
[02-11 18:32:34]Read Magic Info Name = [巨剑增攻1]
[02-11 18:32:34]Read Magic Info Name = [巨剑增攻2]
[02-11 18:32:34]Read Magic Info Name = [巨剑增攻3]
[02-11 18:32:34]Read Magic Info Name = [巨剑增攻4]
[02-11 18:32:34]Read Magic Info Name = [单手剑增攻1]
[02-11 18:32:34]Read Magic Info Name = [单手剑增攻2]
[02-11 18:32:34]Read Magic Info Name = [单手剑增攻3]
[02-11 18:32:34]Read Magic Info Name = [单手剑增攻4]
[02-11 18:32:34]Read Magic Info Name = [匕首增攻1]
[02-11 18:32:34]Read Magic Info Name = [匕首增攻2]
[02-11 18:32:34]Read Magic Info Name = [匕首增攻3]
[02-11 18:32:34]Read Magic Info Name = [Dagger Bonus AttSea Wave]
[02-11 18:32:34]Read Magic Info Name = [巨剑攻防1]
[02-11 18:32:34]Read Magic Info Name = [巨剑攻防2]
[02-11 18:32:34]Read Magic Info Name = [巨剑攻防3]
[02-11 18:32:34]Read Magic Info Name = [巨剑攻防4]
[02-11 18:32:34]Read Magic Info Name = [单手剑攻防1]
[02-11 18:32:34]Read Magic Info Name = [Single-handed SwSea Wave]
[02-11 18:32:34]Read Magic Info Name = [单手剑攻防3]
[02-11 18:32:34]Read Magic Info Name = [单手剑攻防4]
[02-11 18:32:34]Read Magic Info Name = [匕首攻防1]
[02-11 18:32:34]Read Magic Info Name = [匕首攻防2]
[02-11 18:32:34]Read Magic Info Name = [匕首攻防3]
[02-11 18:32:34]Read Magic Info Name = [匕首攻防4]
[02-11 18:32:34]Read Magic Info Name = [巨剑攻防增1]
[02-11 18:32:34]Read Magic Info Name = [巨剑攻防增2]
[02-11 18:32:34]Read Magic Info Name = [巨剑攻防增3]
[02-11 18:32:34]Read Magic Info Name = [巨剑攻防增4]
[02-11 18:32:34]Read Magic Info Name = [单手剑攻防增1]
[02-11 18:32:34]Read Magic Info Name = [单手剑攻防增2]
[02-11 18:32:34]Read Magic Info Name = [单手剑攻防增3]
[02-11 18:32:34]Read Magic Info Name = [单手剑攻防增4]
[02-11 18:32:34]Read Magic Info Name = [匕首攻防增1]
[02-11 18:32:34]Read Magic Info Name = [匕首攻防增2]
[02-11 18:32:34]Read Magic Info Name = [匕首攻防增3]
[02-11 18:32:34]Read Magic Info Name = [匕首攻防增4]
[02-11 18:32:34]Read Magic Info Name = [枪攻防增身体1]
[02-11 18:32:34]Read Magic Info Name = [枪攻防增身体2]
[02-11 18:32:34]Read Magic Info Name = [枪攻防增身体3]
[02-11 18:32:34]Read Magic Info Name = [枪攻防增身体4]
[02-11 18:32:34]Read Magic Info Name = [枪攻防增头1]
[02-11 18:32:34]Read Magic Info Name = [枪攻防增头2]
[02-11 18:32:34]Read Magic Info Name = [枪攻防增头3]
[02-11 18:32:34]Read Magic Info Name = [枪攻防增头4]
[02-11 18:32:34]Read Magic Info Name = [弓攻击身体1]
[02-11 18:32:34]Read Magic Info Name = [弓攻击身体2]
[02-11 18:32:34]Read Magic Info Name = [弓攻击身体3]
[02-11 18:32:34]Read Magic Info Name = [弓攻击身体4]
[02-11 18:32:34]Read Magic Info Name = [弓攻击拖尾1]
[02-11 18:32:34]Read Magic Info Name = [弓攻击拖尾2]
[02-11 18:32:34]Read Magic Info Name = [弓攻击拖尾3]
[02-11 18:32:34]Read Magic Info Name = [弓攻击拖尾4]
[02-11 18:32:34]Read Magic Info Name = [弓增益身体1]
[02-11 18:32:34]Read Magic Info Name = [弓增益身体2]
[02-11 18:32:34]Read Magic Info Name = [弓增益身体3]
[02-11 18:32:34]Read Magic Info Name = [弓增益身体4]
[02-11 18:32:34]Read Magic Info Name = [弓增益拖尾1]
[02-11 18:32:34]Read Magic Info Name = [弓增益拖尾2]
[02-11 18:32:34]Read Magic Info Name = [弓增益拖尾3]
[02-11 18:32:34]Read Magic Info Name = [弓增益拖尾4]
[02-11 18:32:34]Read Magic Info Name = [弓防御身体1]
[02-11 18:32:34]Read Magic Info Name = [弓防御身体2]
[02-11 18:32:34]Read Magic Info Name = [弓防御身体3]
[02-11 18:32:34]Read Magic Info Name = [弓防御身体4]
[02-11 18:32:34]Read Magic Info Name = [弓防御拖尾1]
[02-11 18:32:34]Read Magic Info Name = [弓防御拖尾2]
[02-11 18:32:34]Read Magic Info Name = [弓防御拖尾3]
[02-11 18:32:34]Read Magic Info Name = [弓防御拖尾4]
[02-11 18:32:34]Read Magic Info Name = [弓防御增益身体1]
[02-11 18:32:34]Read Magic Info Name = [弓防御增益身体2]
[02-11 18:32:34]Read Magic Info Name = [弓防御增益身体3]
[02-11 18:32:34]Read Magic Info Name = [弓防御增益身体4]
[02-11 18:32:34]Read Magic Info Name = [弓防御攻击身体1]
[02-11 18:32:34]Read Magic Info Name = [弓防御攻击身体2]
[02-11 18:32:34]Read Magic Info Name = [弓防御攻击身体3]
[02-11 18:32:34]Read Magic Info Name = [弓防御攻击身体4]
[02-11 18:32:34]Read Magic Info Name = [弓攻击增益身体1]
[02-11 18:32:34]Read Magic Info Name = [Base Bonus of BoSea Wave]
[02-11 18:32:34]Read Magic Info Name = [弓Attack 增益身Sea Wave]
[02-11 18:32:34]Read Magic Info Name = [弓攻击增益身体4]
[02-11 18:32:34]Read Magic Info Name = [弓攻防增身体1]
[02-11 18:32:34]Read Magic Info Name = [弓攻防增身体2]
[02-11 18:32:34]Read Magic Info Name = [弓攻防增身体3]
[02-11 18:32:34]Read Magic Info Name = [弓攻防增身体4]
[02-11 18:32:34]Read Magic Info Name = [法杖毒头1]
[02-11 18:32:34]Read Magic Info Name = [法杖毒头2]
[02-11 18:32:34]Read Magic Info Name = [法杖毒头3]
[02-11 18:32:34]Read Magic Info Name = [法杖毒头4]
[02-11 18:32:34]Read Magic Info Name = [法杖毒环空]
[02-11 18:32:34]Read Magic Info Name = [法杖毒环空]
[02-11 18:32:34]Read Magic Info Name = [法杖毒环空]
[02-11 18:32:34]Read Magic Info Name = [法杖毒环有]
[02-11 18:32:34]Read Magic Info Name = [法杖毒身体空]
[02-11 18:32:34]Read Magic Info Name = [Base Resist to SSea Wave]
[02-11 18:32:34]Read Magic Info Name = [Base Resist to SSea Wave]
[02-11 18:32:34]Read Magic Info Name = [Base Resist to SSea Wave]
[02-11 18:32:34]Read Magic Info Name = [枪毒身体1]
[02-11 18:32:34]Read Magic Info Name = [枪毒身体2]
[02-11 18:32:34]Read Magic Info Name = [枪毒身体3]
[02-11 18:32:34]Read Magic Info Name = [枪毒身体4]
[02-11 18:32:34]Read Magic Info Name = [枪毒头1]
[02-11 18:32:34]Read Magic Info Name = [枪毒头2]
[02-11 18:32:34]Read Magic Info Name = [枪毒头3]
[02-11 18:32:34]Read Magic Info Name = [枪毒头4]
[02-11 18:32:34]Read Magic Info Name = [巨剑毒攻1]
[02-11 18:32:34]Read Magic Info Name = [巨剑毒攻2]
[02-11 18:32:34]Read Magic Info Name = [巨剑毒攻3]
[02-11 18:32:34]Read Magic Info Name = [巨剑毒攻4]
[02-11 18:32:34]Read Magic Info Name = [Single-handed SwSea Wave]
[02-11 18:32:34]Read Magic Info Name = [单手剑毒攻2]
[02-11 18:32:34]Read Magic Info Name = [单手剑毒攻3]
[02-11 18:32:34]Read Magic Info Name = [单手剑毒攻4]
[02-11 18:32:34]Read Magic Info Name = [匕首毒攻1]
[02-11 18:32:34]Read Magic Info Name = [匕首毒攻2]
[02-11 18:32:34]Read Magic Info Name = [匕首毒攻3]
[02-11 18:32:34]Read Magic Info Name = [匕首毒攻4]
[02-11 18:32:34]Read Magic Info Name = [巨剑毒增1]
[02-11 18:32:34]Read Magic Info Name = [巨剑毒增2]
[02-11 18:32:34]Read Magic Info Name = [巨剑毒增3]
[02-11 18:32:34]Read Magic Info Name = [巨剑毒增4]
[02-11 18:32:34]Read Magic Info Name = [单手剑毒增1]
[02-11 18:32:34]Read Magic Info Name = [单手剑毒增2]
[02-11 18:32:34]Read Magic Info Name = [单手剑毒增3]
[02-11 18:32:34]Read Magic Info Name = [Single-handed SwSea Wave]
[02-11 18:32:34]Read Magic Info Name = [匕首毒增1]
[02-11 18:32:34]Read Magic Info Name = [匕首毒增2]
[02-11 18:32:34]Read Magic Info Name = [匕首毒增3]
[02-11 18:32:34]Read Magic Info Name = [匕首毒增4]
[02-11 18:32:34]Read Magic Info Name = [巨剑毒防1]
[02-11 18:32:34]Read Magic Info Name = [Greatsword PoisoSea Wave]
[02-11 18:32:34]Read Magic Info Name = [巨剑毒防3]
[02-11 18:32:34]Read Magic Info Name = [巨剑毒防4]
[02-11 18:32:34]Read Magic Info Name = [单手剑毒防1]
[02-11 18:32:34]Read Magic Info Name = [单手剑毒防2]
[02-11 18:32:34]Read Magic Info Name = [单手剑毒防3]
[02-11 18:32:34]Read Magic Info Name = [单手剑毒防4]
[02-11 18:32:34]Read Magic Info Name = [匕首毒防1]
[02-11 18:32:34]Read Magic Info Name = [匕首毒防2]
[02-11 18:32:34]Read Magic Info Name = [匕首毒防3]
[02-11 18:32:34]Read Magic Info Name = [匕首毒防4]
[02-11 18:32:34]Read Magic Info Name = [巨剑毒1]
[02-11 18:32:34]Read Magic Info Name = [巨剑毒2]
[02-11 18:32:34]Read Magic Info Name = [巨剑毒3]
[02-11 18:32:34]Read Magic Info Name = [巨剑毒4]
[02-11 18:32:34]Read Magic Info Name = [单手剑毒1]
[02-11 18:32:34]Read Magic Info Name = [Single-handed SwSea Wave]
[02-11 18:32:34]Read Magic Info Name = [单手剑毒3]
[02-11 18:32:34]Read Magic Info Name = [单手剑毒4]
[02-11 18:32:34]Read Magic Info Name = [匕首毒1]
[02-11 18:32:34]Read Magic Info Name = [匕首毒2]
[02-11 18:32:34]Read Magic Info Name = [匕首毒3]
[02-11 18:32:34]Read Magic Info Name = [匕首毒4]
[02-11 18:32:34]Read Magic Info Name = [剑攻毒防1]
[02-11 18:32:34]Read Magic Info Name = [剑攻毒防2]
[02-11 18:32:34]Read Magic Info Name = [剑攻毒防3]
[02-11 18:32:34]Read Magic Info Name = [剑攻毒防4]
[02-11 18:32:34]Read Magic Info Name = [剑攻增毒1]
[02-11 18:32:34]Read Magic Info Name = [剑攻增毒2]
[02-11 18:32:34]Read Magic Info Name = [剑攻增毒3]
[02-11 18:32:34]Read Magic Info Name = [剑攻增毒4]
[02-11 18:32:34]Read Magic Info Name = [剑毒增防1]
[02-11 18:32:34]Read Magic Info Name = [剑毒增防3]
[02-11 18:32:34]Read Magic Info Name = [剑毒增防3]
[02-11 18:32:34]Read Magic Info Name = [剑毒增防4]
[02-11 18:32:34]Read Magic Info Name = [巨剑攻毒防1]
[02-11 18:32:34]Read Magic Info Name = [巨剑攻毒防2]
[02-11 18:32:34]Read Magic Info Name = [巨剑攻毒防3]
[02-11 18:32:34]Read Magic Info Name = [巨剑攻毒防4]
[02-11 18:32:34]Read Magic Info Name = [巨剑攻增毒1]
[02-11 18:32:34]Read Magic Info Name = [巨剑攻增毒2]
[02-11 18:32:34]Read Magic Info Name = [巨剑攻增毒3]
[02-11 18:32:34]Read Magic Info Name = [巨剑攻增毒4]
[02-11 18:32:34]Read Magic Info Name = [巨剑毒增防1]
[02-11 18:32:34]Read Magic Info Name = [巨剑毒增防3]
[02-11 18:32:34]Read Magic Info Name = [巨剑毒增防3]
[02-11 18:32:34]Read Magic Info Name = [巨剑毒增防4]
[02-11 18:32:34]Read Magic Info Name = [匕首攻毒防1]
[02-11 18:32:34]Read Magic Info Name = [匕首攻毒防2]
[02-11 18:32:34]Read Magic Info Name = [匕首攻毒防3]
[02-11 18:32:34]Read Magic Info Name = [匕首攻毒防4]
[02-11 18:32:34]Read Magic Info Name = [匕首攻增毒1]
[02-11 18:32:34]Read Magic Info Name = [匕首攻增毒2]
[02-11 18:32:34]Read Magic Info Name = [匕首攻增毒3]
[02-11 18:32:34]Read Magic Info Name = [匕首攻增毒4]
[02-11 18:32:34]Read Magic Info Name = [匕首毒增防1]
[02-11 18:32:34]Read Magic Info Name = [匕首毒增防3]
[02-11 18:32:34]Read Magic Info Name = [匕首毒增防3]
[02-11 18:32:34]Read Magic Info Name = [匕首毒增防4]
[02-11 18:32:34]Read Magic Info Name = [枪毒攻防身体1]
[02-11 18:32:34]Read Magic Info Name = [枪毒攻防身体2]
[02-11 18:32:34]Read Magic Info Name = [枪毒攻防身体3]
[02-11 18:32:34]Read Magic Info Name = [枪毒攻防身体4]
[02-11 18:32:34]Read Magic Info Name = [枪毒攻增身体1]
[02-11 18:32:34]Read Magic Info Name = [枪毒攻增身体2]
[02-11 18:32:34]Read Magic Info Name = [枪毒攻增身体3]
[02-11 18:32:34]Read Magic Info Name = [枪毒攻增身体4]
[02-11 18:32:34]Read Magic Info Name = [法杖毒防增身体淡Sea Wave]
[02-11 18:32:34]Read Magic Info Name = [法杖毒防增身体有Sea Wave]
[02-11 18:32:34]Read Magic Info Name = [法杖毒防增身体有Sea Wave]
[02-11 18:32:34]Read Magic Info Name = [法杖毒防增身体有Sea Wave]
[02-11 18:32:34]Read Magic Info Name = [法杖毒防增头1]
[02-11 18:32:34]Read Magic Info Name = [法杖毒防增头2]
[02-11 18:32:34]Read Magic Info Name = [法杖毒防增头3]
[02-11 18:32:34]Read Magic Info Name = [法杖毒防增头4]
[02-11 18:32:34]Read Magic Info Name = [法杖攻毒防身体淡Sea Wave]
[02-11 18:32:34]Read Magic Info Name = [Base Resist to SSea Wave]
[02-11 18:32:34]Read Magic Info Name = [Base Resist to SSea Wave]
[02-11 18:32:34]Read Magic Info Name = [Base Resist to SSea Wave]
[02-11 18:32:34]Read Magic Info Name = [法杖攻毒防头1]
[02-11 18:32:34]Read Magic Info Name = [法杖攻毒防头2]
[02-11 18:32:34]Read Magic Info Name = [法杖攻毒防头3]
[02-11 18:32:34]Read Magic Info Name = [法杖攻毒防头4]
[02-11 18:32:34]Read Magic Info Name = [法杖攻增毒身体淡Sea Wave]
[02-11 18:32:34]Read Magic Info Name = [法杖攻增毒身体有Sea Wave]
[02-11 18:32:34]Read Magic Info Name = [法杖攻增毒身体有Sea Wave]
[02-11 18:32:34]Read Magic Info Name = [法杖攻增毒身体有Sea Wave]
[02-11 18:32:34]Read Magic Info Name = [法杖攻增毒头1]
[02-11 18:32:34]Read Magic Info Name = [法杖攻增毒头2]
[02-11 18:32:34]Read Magic Info Name = [法杖攻增毒头3]
[02-11 18:32:34]Read Magic Info Name = [法杖攻增毒头4]
[02-11 18:32:34]Read Magic Info Name = [斧头毒1]
[02-11 18:32:34]Read Magic Info Name = [斧头毒2]
[02-11 18:32:34]Read Magic Info Name = [斧头毒3]
[02-11 18:32:34]Read Magic Info Name = [Axe Poison 4]
[02-11 18:32:34]Read Magic Info Name = [斧头攻1]
[02-11 18:32:34]Read Magic Info Name = [斧头攻2]
[02-11 18:32:34]Read Magic Info Name = [斧头攻3]
[02-11 18:32:34]Read Magic Info Name = [斧头攻4]
[02-11 18:32:34]Read Magic Info Name = [斧头防1]
[02-11 18:32:34]Read Magic Info Name = [斧头防2]
[02-11 18:32:34]Read Magic Info Name = [斧头防3]
[02-11 18:32:34]Read Magic Info Name = [斧头防4]
[02-11 18:32:34]Read Magic Info Name = [斧头增1]
[02-11 18:32:34]Read Magic Info Name = [斧头增2]
[02-11 18:32:34]Read Magic Info Name = [斧头增3]
[02-11 18:32:34]Read Magic Info Name = [斧头增4]
[02-11 18:32:34]Read Magic Info Name = [斧头攻增毒1]
[02-11 18:32:34]Read Magic Info Name = [斧头攻增毒2]
[02-11 18:32:34]Read Magic Info Name = [斧头攻增毒3]
[02-11 18:32:34]Read Magic Info Name = [斧头攻增毒4]
[02-11 18:32:34]Read Magic Info Name = [斧头攻毒防1]
[02-11 18:32:34]Read Magic Info Name = [斧头攻毒防2]
[02-11 18:32:34]Read Magic Info Name = [斧头攻毒防3]
[02-11 18:32:34]Read Magic Info Name = [斧头攻毒防4]
[02-11 18:32:34]Read Magic Info Name = [Axe Poison ResisSea Wave]
[02-11 18:32:34]Read Magic Info Name = [斧头毒防增2]
[02-11 18:32:34]Read Magic Info Name = [斧头毒防增3]
[02-11 18:32:34]Read Magic Info Name = [斧头毒防增4]
[02-11 18:32:34]Read Magic Info Name = [斧头攻防增1]
[02-11 18:32:34]Read Magic Info Name = [斧头攻防增2]
[02-11 18:32:34]Read Magic Info Name = [斧头攻防增3]
[02-11 18:32:34]Read Magic Info Name = [斧头攻防增4]
[02-11 18:32:34]Read Magic Info Name = [斧头毒1]
[02-11 18:32:34]Read Magic Info Name = [斧头毒2]
[02-11 18:32:34]Read Magic Info Name = [斧头毒3]
[02-11 18:32:34]Read Magic Info Name = [Axe Poison 4]
[02-11 18:32:34]Read Magic Info Name = [斧头防1]
[02-11 18:32:34]Read Magic Info Name = [斧头防2]
[02-11 18:32:34]Read Magic Info Name = [斧头防3]
[02-11 18:32:34]Read Magic Info Name = [斧头防4]
[02-11 18:32:34]Read Magic Info Name = [斧头攻1]
[02-11 18:32:34]Read Magic Info Name = [斧头攻2]
[02-11 18:32:34]Read Magic Info Name = [斧头攻3]
[02-11 18:32:34]Read Magic Info Name = [斧头攻4]
[02-11 18:32:34]Read Magic Info Name = [弯匕首防1]
[02-11 18:32:34]Read Magic Info Name = [弯匕首防2]
[02-11 18:32:34]Read Magic Info Name = [弯匕首防3]
[02-11 18:32:34]Read Magic Info Name = [弯匕首防4]
[02-11 18:32:34]Read Magic Info Name = [弯匕首攻1]
[02-11 18:32:34]Read Magic Info Name = [弯匕首攻2]
[02-11 18:32:34]Read Magic Info Name = [弯匕首攻3]
[02-11 18:32:34]Read Magic Info Name = [弯匕首攻4]
[02-11 18:32:34]Read Magic Info Name = [弯匕首增1]
[02-11 18:32:34]Read Magic Info Name = [弯匕首增2]
[02-11 18:32:34]Read Magic Info Name = [弯匕首增3]
[02-11 18:32:34]Read Magic Info Name = [弯匕首增4]
[02-11 18:32:34]Read Magic Info Name = [弯匕首毒1]
[02-11 18:32:34]Read Magic Info Name = [弯匕首毒2]
[02-11 18:32:34]Read Magic Info Name = [弯匕首毒3]
[02-11 18:32:34]Read Magic Info Name = [弯匕首毒4]
[02-11 18:32:34]Read Magic Info Name = [苍蝇群1]
[02-11 18:32:34]Read Magic Info Name = [苍蝇群2]
[02-11 18:32:34]Read Magic Info Name = [苍蝇群3]
[02-11 18:32:34]Read Magic Info Name = [苍蝇群4]
[02-11 18:32:34]Read Magic Info Name = [死神刀光]
[02-11 18:32:34]Read Magic Info Name = [死神刀紫光]
[02-11 18:32:34]Read Magic Info Name = [死神刀紫光]
[02-11 18:32:34]Read Magic Info Name = [死神刀紫光]
[02-11 18:32:34]Read Magic Info Name = [死神刀紫光]
[02-11 18:32:34]Read Magic Info Name = [众神的庇护]
[02-11 18:32:34]Read Magic Info Name = [cap model]
[02-11 18:32:34]Read Magic Info Name = [魅力之翼(蓝)]
[02-11 18:32:34]Read Magic Info Name = [魅力之翼(卡)]
[02-11 18:32:34]Read Magic Info Name = [魅力之翼(菲)]
[02-11 18:32:34]Read Magic Info Name = [魅力之翼(艾)]
[02-11 18:32:34]Read Magic Info Name = [VIP项链]
[02-11 18:32:34]Read Magic Info Name = [劳模项链1]
[02-11 18:32:34]Read Magic Info Name = [劳模项链2]
[02-11 18:32:34]Read Magic Info Name = [劳模项链3]
[02-11 18:32:34]Read Magic Info Name = [劳模项链4]
[02-11 18:32:34]Read Magic Info Name = [劳模项链5]
[02-11 18:32:34]Read Magic Info Name = [盾防御1]
[02-11 18:32:34]Read Magic Info Name = [盾防御2]
[02-11 18:32:34]Read Magic Info Name = [盾防御3]
[02-11 18:32:34]Read Magic Info Name = [盾防御4]
[02-11 18:32:34]Read Magic Info Name = [盾增益1]
[02-11 18:32:34]Read Magic Info Name = [盾增益2]
[02-11 18:32:34]Read Magic Info Name = [盾增益3]
[02-11 18:32:34]Read Magic Info Name = [盾增益4]
[02-11 18:32:34]Read Magic Info Name = [盾增防1]
[02-11 18:32:34]Read Magic Info Name = [盾增防2]
[02-11 18:32:34]Read Magic Info Name = [盾增防3]
[02-11 18:32:34]Read Magic Info Name = [盾增防4]
[02-11 18:32:34]Read Magic Info Name = [熊猫秋千(蓝)]
[02-11 18:32:34]Read Magic Info Name = [熊猫秋千(卡)]
[02-11 18:32:34]Read Magic Info Name = [熊猫秋千(菲)]
[02-11 18:32:34]Read Magic Info Name = [熊猫秋千(艾)]
[02-11 18:32:34]Read Magic Info Name = [爱心秋千(蓝)]
[02-11 18:32:34]Read Magic Info Name = [爱心秋千(卡)]
[02-11 18:32:34]Read Magic Info Name = [爱心秋千(菲)]
[02-11 18:32:34]Read Magic Info Name = [爱心秋千(艾)]
[02-11 18:32:34]Read Magic Info Name = [HelloKitty秋千(]
[02-11 18:32:34]Read Magic Info Name = [HelloKitty秋千(]
[02-11 18:32:34]Read Magic Info Name = [HelloKitty秋千(]
[02-11 18:32:34]Read Magic Info Name = [HelloKitty秋千(]
[02-11 18:32:34]Read Magic Info Name = [轻松熊秋千(蓝)]
[02-11 18:32:34]Read Magic Info Name = [轻松熊秋千(卡)]
[02-11 18:32:34]Read Magic Info Name = [轻松熊秋千(菲)]
[02-11 18:32:34]Read Magic Info Name = [轻松熊秋千(艾)]
[02-11 18:32:34]Read Magic Info Name = [可爱骷髅头秋千(]
[02-11 18:32:34]Read Magic Info Name = [可爱骷髅头秋千(]
[02-11 18:32:34]Read Magic Info Name = [可爱骷髅头秋千(]
[02-11 18:32:34]Read Magic Info Name = [可爱骷髅头秋千(]
[02-11 18:32:34]Read Magic Info Name = [十字军秋千(蓝)]
[02-11 18:32:34]Read Magic Info Name = [十字军秋千(卡)]
[02-11 18:32:34]Read Magic Info Name = [十字军秋千(菲)]
[02-11 18:32:34]Read Magic Info Name = [十字军秋千(艾)]
[02-11 18:32:34]Read Magic Info Name = [王者秋千(蓝)]
[02-11 18:32:34]Read Magic Info Name = [王者秋千(卡)]
[02-11 18:32:34]Read Magic Info Name = [王者秋千(菲)]
[02-11 18:32:34]Read Magic Info Name = [王者秋千(艾)]
[02-11 18:32:34]Read Magic Info Name = [Shaitan Flame]
[02-11 18:32:34]Read Magic Info Name = [Shaitan Flame]
[02-11 18:32:34]Read Magic Info Name = [Shaitan Flame]
[02-11 18:32:34]Read Magic Info Name = [Shaitan Flame]
[02-11 18:32:34]Read Magic Info Name = [Magma Bullet Pe]
[02-11 18:32:34]Read Magic Info Name = [Magma Bullet Pe]
[02-11 18:32:34]Read Magic Info Name = [Magma Bullet Pe]
[02-11 18:32:34]Read Magic Info Name = [Magma Bullet Pe]
[02-11 18:32:34]Read Magic Info Name = [Zombie Attack F]
[02-11 18:32:34]Read Magic Info Name = [Zombie Attack F]
[02-11 18:32:34]Read Magic Info Name = [Zombie Attack F]
[02-11 18:32:34]Read Magic Info Name = [Zombie Attack F]
[02-11 18:32:34]Read Magic Info Name = [Fox Sorcery Dis]
[02-11 18:32:34]Read Magic Info Name = [Fox Sorcery Dis]
[02-11 18:32:34]Read Magic Info Name = [Fox Sorcery Dis]
[02-11 18:32:34]Read Magic Info Name = [Fox Sorcery Dis]
[02-11 18:32:34]Read Magic Info Name = [Fascinate]
[02-11 18:32:34]Read Magic Info Name = [Fascinate]
[02-11 18:32:34]Read Magic Info Name = [Fascinate]
[02-11 18:32:34]Read Magic Info Name = [Fascinate]
[02-11 18:32:34]Read Magic Info Name = [Fox Sorcery Dis]
[02-11 18:32:34]Read Magic Info Name = [Fox Sorcery Dis]
[02-11 18:32:34]Read Magic Info Name = [Fox Sorcery Dis]
[02-11 18:32:34]Read Magic Info Name = [Fox Sorcery Dis]
[02-11 18:32:34]Read Magic Info Name = [Thundorian Staf]
[02-11 18:32:34]Read Magic Info Name = [Thundorian Staf]
[02-11 18:32:34]Read Magic Info Name = [Thundorian Staf]
[02-11 18:32:34]Read Magic Info Name = [Thundorian Staf]
[02-11 18:32:34]Read Magic Info Name = [Red Stone 3]
[02-11 18:32:34]Read Magic Info Name = [Red Stone 3]
[02-11 18:32:34]Read Magic Info Name = [Red Stone 3]
[02-11 18:32:34]Read Magic Info Name = [Red Stone 3]
[02-11 18:32:34]Read Magic Info Name = [Sapphire 3]
[02-11 18:32:34]Read Magic Info Name = [Sapphire 3]
[02-11 18:32:34]Read Magic Info Name = [Sapphire 3]
[02-11 18:32:34]Read Magic Info Name = [Sapphire 3]
[02-11 18:32:34]Read Magic Info Name = [Yellow Stone 3]
[02-11 18:32:34]Read Magic Info Name = [Yellow Stone 3]
[02-11 18:32:34]Read Magic Info Name = [Yellow Stone 3]
[02-11 18:32:34]Read Magic Info Name = [Yellow Stone 3]
[02-11 18:32:34]Read Magic Info Name = [Drag Tower]
[02-11 18:32:34]Read Magic Info Name = [Drag Tower]
[02-11 18:32:34]Read Magic Info Name = [Drag Tower]
[02-11 18:32:34]Read Magic Info Name = [Drag Tower]
[02-11 18:32:34]Read Magic Info Name = [Cursed Mummy]
[02-11 18:32:34]Read Magic Info Name = [Cursed Mummy]
[02-11 18:32:34]Read Magic Info Name = [Cursed Mummy]
[02-11 18:32:34]Read Magic Info Name = [Cursed Mummy]
[02-11 18:32:34]Read Magic Info Name = [Anubis]
[02-11 18:32:34]Read Magic Info Name = [Anubis]
[02-11 18:32:34]Read Magic Info Name = [Anubis]
[02-11 18:32:34]Read Magic Info Name = [Anubis]
[02-11 18:32:34]Read Magic Info Name = [Tempest Sea Jel]
[02-11 18:32:34]Read Magic Info Name = [Tempest Sea Jel]
[02-11 18:32:34]Read Magic Info Name = [Tempest Sea Jel]
[02-11 18:32:34]Read Magic Info Name = [Tempest Sea Jel]
[02-11 18:32:34]Read Magic Info Name = [Electric Sea Je]
[02-11 18:32:34]Read Magic Info Name = [Electric Sea Je]
[02-11 18:32:34]Read Magic Info Name = [Electric Sea Je]
[02-11 18:32:34]Read Magic Info Name = [Electric Sea Je]
[02-11 18:32:34]Read Magic Info Name = [Guardian Angel]
[02-11 18:32:34]Read Magic Info Name = [Guardian Angel]
[02-11 18:32:34]Read Magic Info Name = [Guardian Angel]
[02-11 18:32:34]Read Magic Info Name = [Guardian Angel]
[02-11 18:32:34]Read Magic Info Name = [Ship HP less th]
[02-11 18:32:34]Read Magic Info Name = [Ship HP less th]
[02-11 18:32:34]Read Magic Info Name = [Ship HP less th]
[02-11 18:32:34]Read Magic Info Name = [Ship HP less th]
[02-11 18:32:34]Read Magic Info Name = [Sea Portal]
[02-11 18:32:34]Read Magic Info Name = [Sea Portal]
[02-11 18:32:34]Read Magic Info Name = [Sea Portal]
[02-11 18:32:34]Read Magic Info Name = [Sea Portal]
[02-11 18:32:34]Read Magic Info Name = [85BB Seal Maste]
[02-11 18:32:34]Read Magic Info Name = [85BB Seal Maste]
[02-11 18:32:34]Read Magic Info Name = [85BB Seal Maste]
[02-11 18:32:34]Read Magic Info Name = [85BB Seal Maste]
[02-11 18:32:34]Read Magic Info Name = [85BB Voyage's s]
[02-11 18:32:34]Read Magic Info Name = [85BB Voyage's s]
[02-11 18:32:34]Read Magic Info Name = [85BB Voyage's s]
[02-11 18:32:34]Read Magic Info Name = [85BB Voyage's s]
[02-11 18:32:34]Read Magic Info Name = [85BB Champion's]
[02-11 18:32:34]Read Magic Info Name = [85BB Champion's]
[02-11 18:32:34]Read Magic Info Name = [85BB Champion's]
[02-11 18:32:34]Read Magic Info Name = [85BB Champion's]
[02-11 18:32:34]Read Magic Info Name = [85BB Hunter's s]
[02-11 18:32:34]Read Magic Info Name = [85BB Hunter's s]
[02-11 18:32:34]Read Magic Info Name = [85BB Hunter's s]
[02-11 18:32:34]Read Magic Info Name = [85BB Hunter's s]
[02-11 18:32:34]Read Magic Info Name = [85BB Crusader's]
[02-11 18:32:34]Read Magic Info Name = [85BB Crusader's]
[02-11 18:32:34]Read Magic Info Name = [85BB Crusader's]
[02-11 18:32:34]Read Magic Info Name = [85BB Crusader's]
[02-11 18:32:34]Read Magic Info Name = [85BB Cleric's s]
[02-11 18:32:34]Read Magic Info Name = [85BB Cleric's s]
[02-11 18:32:34]Read Magic Info Name = [85BB Cleric's s]
[02-11 18:32:34]Read Magic Info Name = [85BB Cleric's s]
[02-11 18:32:34]Read Magic Info Name = [Spirit Power]
[02-11 18:32:34]Read Magic Info Name = [Spirit Power]
[02-11 18:32:34]Read Magic Info Name = [Spirit Power]
[02-11 18:32:34]Read Magic Info Name = [Spirit Power]
[02-11 18:32:34]Read Magic Info Name = [Information Ban]
[02-11 18:32:34]Read Magic Info Name = [Information Ban]
[02-11 18:32:34]Read Magic Info Name = [Information Ban]
[02-11 18:32:34]Read Magic Info Name = [Information Ban]
[02-11 18:32:34]Read Magic Info Name = [Jackpot normal ]
[02-11 18:32:34]Read Magic Info Name = [Jackpot normal ]
[02-11 18:32:34]Read Magic Info Name = [Jackpot normal ]
[02-11 18:32:34]Read Magic Info Name = [Jackpot normal ]
[02-11 18:32:34]Read Magic Info Name = [Small Black Dra]
[02-11 18:32:34]Read Magic Info Name = [Small Black Dra]
[02-11 18:32:34]Read Magic Info Name = [Small Black Dra]
[02-11 18:32:34]Read Magic Info Name = [Small Black Dra]
[02-11 18:32:34]Read Magic Info Name = [Laser Beam Disc]
[02-11 18:32:34]Read Magic Info Name = [Laser Beam Disc]
[02-11 18:32:34]Read Magic Info Name = [Laser Beam Disc]
[02-11 18:32:34]Read Magic Info Name = [Laser Beam Disc]
[02-11 18:32:34]Read Magic Info Name = [Firegun Hit Rat]
[02-11 18:32:34]Read Magic Info Name = [Firegun Hit Rat]
[02-11 18:32:34]Read Magic Info Name = [Firegun Hit Rat]
[02-11 18:32:34]Read Magic Info Name = [Firegun Hit Rat]
[02-11 18:32:34]Read Magic Info Name = [Jackpot Prize e]
[02-11 18:32:34]Read Magic Info Name = [Jackpot Prize e]
[02-11 18:32:34]Read Magic Info Name = [Jackpot Prize e]
[02-11 18:32:34]Read Magic Info Name = [Jackpot Prize e]
[02-11 18:32:34]Read Magic Info Name = [Defecate effect]
[02-11 18:32:34]Read Magic Info Name = [Defecate effect]
[02-11 18:32:34]Read Magic Info Name = [Defecate effect]
[02-11 18:32:34]Read Magic Info Name = [Defecate effect]
[02-11 18:32:34]Read Magic Info Name = [Skeletar Shield]
[02-11 18:32:34]Read Magic Info Name = [Skeletar Shield]
[02-11 18:32:34]Read Magic Info Name = [Skeletar Shield]
[02-11 18:32:34]Read Magic Info Name = [Skeletar Shield]
[02-11 18:32:34]Read Magic Info Name = [Guardian Angel ]
[02-11 18:32:34]Read Magic Info Name = [Guardian Angel ]
[02-11 18:32:34]Read Magic Info Name = [Guardian Angel ]
[02-11 18:32:34]Read Magic Info Name = [Guardian Angel ]
[02-11 18:32:34]Read Magic Info Name = [Soul of Goddess]
[02-11 18:32:34]Read Magic Info Name = [Soul of Goddess]
[02-11 18:32:34]Read Magic Info Name = [Soul of Goddess]
[02-11 18:32:34]Read Magic Info Name = [Soul of Goddess]
[02-11 18:32:34]Read Magic Info Name = [Chinese Text]
[02-11 18:32:34]Read Magic Info Name = [Chinese Text]
[02-11 18:32:34]Read Magic Info Name = [Kingfisher]
[02-11 18:32:34]Read Magic Info Name = [Kingfisher]
[02-11 18:32:34]Read Magic Info Name = [Kingfisher]
[02-11 18:32:34]Read Magic Info Name = [Kingfisher]
[02-11 18:32:34]Read Magic Info Name = [Zombie Attack F]
[02-11 18:32:34]Read Magic Info Name = [Zombie Attack F]
[02-11 18:32:34]Read Magic Info Name = [Zombie Attack F]
[02-11 18:32:34]Read Magic Info Name = [Zombie Attack F]
[02-11 18:32:34]Read Magic Info Name = [Fire Spirit]
[02-11 18:32:34]Read Magic Info Name = [Fire Spirit]
[02-11 18:32:34]Read Magic Info Name = [Fire Spirit]
[02-11 18:32:34]Read Magic Info Name = [Fire Spirit]
[02-11 18:32:34]Read Magic Info Name = [Rune Pet]
[02-11 18:32:34]Read Magic Info Name = [Rings Effect 3]
[02-11 18:32:34]Read Magic Info Name = [Rings Effect 4]
[02-11 18:32:34]Read Magic Info Name = [披风1~2J特效(蓝]
[02-11 18:32:34]Read Magic Info Name = [披风3~8特效(蓝)]
[02-11 18:32:34]Read Magic Info Name = [披风9~10J特效(?]
[02-11 18:32:34]Read Magic Info Name = [披风1~2J特效(卡]
[02-11 18:32:34]Read Magic Info Name = [披风3~8特效(卡)]
[02-11 18:32:34]Read Magic Info Name = [披风9~10J特效(?]
[02-11 18:32:34]Read Magic Info Name = [披风1~2J特效(菲]
[02-11 18:32:34]Read Magic Info Name = [披风3~8特效(菲)]
[02-11 18:32:34]Read Magic Info Name = [披风9~10J特效(?]
[02-11 18:32:34]Read Magic Info Name = [披风1~2J特效(艾]
[02-11 18:32:34]Read Magic Info Name = [披风3~8特效(艾)]
[02-11 18:32:34]Read Magic Info Name = [披风9~10J特效(?]
[02-11 18:32:34]Read Magic Info Name = [cap model]
[02-11 18:32:34]Read Magic Info Name = [cap model]
[02-11 18:32:34]Read Magic Info Name = [cap model]
[02-11 18:32:34]Read Magic Info Name = [cap model]
[02-11 18:32:34]Read Magic Info Name = [VIP????]
[02-11 18:32:34]Read Magic Info Name = [VIP????]
[02-11 18:32:34]Read Magic Info Name = [VIP????]
[02-11 18:32:34]Read Magic Info Name = [VIP????]
[02-11 18:32:34]Read Magic Info Name = [VIP????]
